<?xml version="1.0" encoding="UTF-8"?>
<testsuite xmlns:xsi="http://www.w3.org/2001/XMLSchema-instance" xsi:noNamespaceSchemaLocation="https://maven.apache.org/surefire/maven-surefire-plugin/xsd/surefire-test-report-3.0.xsd" version="3.0" name="TestSuite" time="610.346" tests="24" errors="0" skipped="0" failures="0">
  <properties>
    <property name="sun.desktop" value="windows"/>
    <property name="awt.toolkit" value="sun.awt.windows.WToolkit"/>
    <property name="surefire.suiteXmlFiles" value="single.xml,parallel.xml"/>
    <property name="java.specification.version" value="12"/>
    <property name="sun.cpu.isalist" value="amd64"/>
    <property name="sun.jnu.encoding" value="Cp1252"/>
    <property name="java.class.path" value="C:\Users\Dell\eclipse-workspace5\Selenium101\target\test-classes;C:\Users\Dell\eclipse-workspace5\Selenium101\target\classes;C:\Users\Dell\.m2\repository\org\seleniumhq\selenium\selenium-java\4.4.0\selenium-java-4.4.0.jar;C:\Users\Dell\.m2\repository\org\seleniumhq\selenium\selenium-api\4.4.0\selenium-api-4.4.0.jar;C:\Users\Dell\.m2\repository\org\seleniumhq\selenium\selenium-chrome-driver\4.4.0\selenium-chrome-driver-4.4.0.jar;C:\Users\Dell\.m2\repository\com\google\auto\service\auto-service-annotations\1.0.1\auto-service-annotations-1.0.1.jar;C:\Users\Dell\.m2\repository\com\google\auto\service\auto-service\1.0.1\auto-service-1.0.1.jar;C:\Users\Dell\.m2\repository\com\google\auto\auto-common\1.2\auto-common-1.2.jar;C:\Users\Dell\.m2\repository\com\google\guava\guava\31.1-jre\guava-31.1-jre.jar;C:\Users\Dell\.m2\repository\com\google\guava\failureaccess\1.0.1\failureaccess-1.0.1.jar;C:\Users\Dell\.m2\repository\com\google\guava\listenablefuture\9999.0-empty-to-avoid-conflict-with-guava\listenablefuture-9999.0-empty-to-avoid-conflict-with-guava.jar;C:\Users\Dell\.m2\repository\com\google\code\findbugs\jsr305\3.0.2\jsr305-3.0.2.jar;C:\Users\Dell\.m2\repository\org\checkerframework\checker-qual\3.12.0\checker-qual-3.12.0.jar;C:\Users\Dell\.m2\repository\com\google\errorprone\error_prone_annotations\2.11.0\error_prone_annotations-2.11.0.jar;C:\Users\Dell\.m2\repository\com\google\j2objc\j2objc-annotations\1.3\j2objc-annotations-1.3.jar;C:\Users\Dell\.m2\repository\org\seleniumhq\selenium\selenium-chromium-driver\4.4.0\selenium-chromium-driver-4.4.0.jar;C:\Users\Dell\.m2\repository\org\seleniumhq\selenium\selenium-json\4.4.0\selenium-json-4.4.0.jar;C:\Users\Dell\.m2\repository\org\seleniumhq\selenium\selenium-devtools-v102\4.4.0\selenium-devtools-v102-4.4.0.jar;C:\Users\Dell\.m2\repository\org\seleniumhq\selenium\selenium-devtools-v103\4.4.0\selenium-devtools-v103-4.4.0.jar;C:\Users\Dell\.m2\repository\org\seleniumhq\selenium\selenium-devtools-v104\4.4.0\selenium-devtools-v104-4.4.0.jar;C:\Users\Dell\.m2\repository\org\seleniumhq\selenium\selenium-devtools-v85\4.4.0\selenium-devtools-v85-4.4.0.jar;C:\Users\Dell\.m2\repository\org\seleniumhq\selenium\selenium-edge-driver\4.4.0\selenium-edge-driver-4.4.0.jar;C:\Users\Dell\.m2\repository\org\seleniumhq\selenium\selenium-firefox-driver\4.4.0\selenium-firefox-driver-4.4.0.jar;C:\Users\Dell\.m2\repository\org\seleniumhq\selenium\selenium-ie-driver\4.4.0\selenium-ie-driver-4.4.0.jar;C:\Users\Dell\.m2\repository\org\seleniumhq\selenium\selenium-opera-driver\4.4.0\selenium-opera-driver-4.4.0.jar;C:\Users\Dell\.m2\repository\org\seleniumhq\selenium\selenium-remote-driver\4.4.0\selenium-remote-driver-4.4.0.jar;C:\Users\Dell\.m2\repository\io\netty\netty-buffer\4.1.78.Final\netty-buffer-4.1.78.Final.jar;C:\Users\Dell\.m2\repository\io\netty\netty-codec-http\4.1.78.Final\netty-codec-http-4.1.78.Final.jar;C:\Users\Dell\.m2\repository\io\netty\netty-codec\4.1.78.Final\netty-codec-4.1.78.Final.jar;C:\Users\Dell\.m2\repository\io\netty\netty-handler\4.1.78.Final\netty-handler-4.1.78.Final.jar;C:\Users\Dell\.m2\repository\io\netty\netty-common\4.1.78.Final\netty-common-4.1.78.Final.jar;C:\Users\Dell\.m2\repository\io\netty\netty-transport-classes-epoll\4.1.78.Final\netty-transport-classes-epoll-4.1.78.Final.jar;C:\Users\Dell\.m2\repository\io\netty\netty-transport-classes-kqueue\4.1.78.Final\netty-transport-classes-kqueue-4.1.78.Final.jar;C:\Users\Dell\.m2\repository\io\netty\netty-transport-native-epoll\4.1.78.Final\netty-transport-native-epoll-4.1.78.Final.jar;C:\Users\Dell\.m2\repository\io\netty\netty-transport-native-kqueue\4.1.78.Final\netty-transport-native-kqueue-4.1.78.Final.jar;C:\Users\Dell\.m2\repository\io\netty\netty-transport-native-unix-common\4.1.78.Final\netty-transport-native-unix-common-4.1.78.Final.jar;C:\Users\Dell\.m2\repository\io\netty\netty-transport\4.1.78.Final\netty-transport-4.1.78.Final.jar;C:\Users\Dell\.m2\repository\io\netty\netty-resolver\4.1.78.Final\netty-resolver-4.1.78.Final.jar;C:\Users\Dell\.m2\repository\io\opentelemetry\opentelemetry-api\1.16.0\opentelemetry-api-1.16.0.jar;C:\Users\Dell\.m2\repository\io\opentelemetry\opentelemetry-context\1.16.0\opentelemetry-context-1.16.0.jar;C:\Users\Dell\.m2\repository\io\opentelemetry\opentelemetry-exporter-logging\1.16.0\opentelemetry-exporter-logging-1.16.0.jar;C:\Users\Dell\.m2\repository\io\opentelemetry\opentelemetry-sdk-metrics\1.16.0\opentelemetry-sdk-metrics-1.16.0.jar;C:\Users\Dell\.m2\repository\io\opentelemetry\opentelemetry-sdk-logs\1.16.0-alpha\opentelemetry-sdk-logs-1.16.0-alpha.jar;C:\Users\Dell\.m2\repository\io\opentelemetry\opentelemetry-sdk-common\1.16.0\opentelemetry-sdk-common-1.16.0.jar;C:\Users\Dell\.m2\repository\io\opentelemetry\opentelemetry-sdk-extension-autoconfigure-spi\1.16.0\opentelemetry-sdk-extension-autoconfigure-spi-1.16.0.jar;C:\Users\Dell\.m2\repository\io\opentelemetry\opentelemetry-sdk-extension-autoconfigure\1.16.0-alpha\opentelemetry-sdk-extension-autoconfigure-1.16.0-alpha.jar;C:\Users\Dell\.m2\repository\io\opentelemetry\opentelemetry-sdk-trace\1.16.0\opentelemetry-sdk-trace-1.16.0.jar;C:\Users\Dell\.m2\repository\io\opentelemetry\opentelemetry-sdk\1.16.0\opentelemetry-sdk-1.16.0.jar;C:\Users\Dell\.m2\repository\io\opentelemetry\opentelemetry-semconv\1.16.0-alpha\opentelemetry-semconv-1.16.0-alpha.jar;C:\Users\Dell\.m2\repository\io\ous\jtoml\2.0.0\jtoml-2.0.0.jar;C:\Users\Dell\.m2\repository\net\bytebuddy\byte-buddy\1.12.10\byte-buddy-1.12.10.jar;C:\Users\Dell\.m2\repository\org\apache\commons\commons-exec\1.3\commons-exec-1.3.jar;C:\Users\Dell\.m2\repository\org\asynchttpclient\async-http-client\2.12.3\async-http-client-2.12.3.jar;C:\Users\Dell\.m2\repository\org\asynchttpclient\async-http-client-netty-utils\2.12.3\async-http-client-netty-utils-2.12.3.jar;C:\Users\Dell\.m2\repository\io\netty\netty-codec-socks\4.1.60.Final\netty-codec-socks-4.1.60.Final.jar;C:\Users\Dell\.m2\repository\io\netty\netty-handler-proxy\4.1.60.Final\netty-handler-proxy-4.1.60.Final.jar;C:\Users\Dell\.m2\repository\io\netty\netty-transport-native-epoll\4.1.60.Final\netty-transport-native-epoll-4.1.60.Final-linux-x86_64.jar;C:\Users\Dell\.m2\repository\io\netty\netty-transport-native-kqueue\4.1.60.Final\netty-transport-native-kqueue-4.1.60.Final-osx-x86_64.jar;C:\Users\Dell\.m2\repository\org\reactivestreams\reactive-streams\1.0.3\reactive-streams-1.0.3.jar;C:\Users\Dell\.m2\repository\com\typesafe\netty\netty-reactive-streams\2.0.4\netty-reactive-streams-2.0.4.jar;C:\Users\Dell\.m2\repository\org\slf4j\slf4j-api\1.7.30\slf4j-api-1.7.30.jar;C:\Users\Dell\.m2\repository\com\sun\activation\jakarta.activation\1.2.2\jakarta.activation-1.2.2.jar;C:\Users\Dell\.m2\repository\org\seleniumhq\selenium\selenium-http\4.4.0\selenium-http-4.4.0.jar;C:\Users\Dell\.m2\repository\dev\failsafe\failsafe\3.2.4\failsafe-3.2.4.jar;C:\Users\Dell\.m2\repository\org\seleniumhq\selenium\selenium-safari-driver\4.4.0\selenium-safari-driver-4.4.0.jar;C:\Users\Dell\.m2\repository\org\seleniumhq\selenium\selenium-support\4.4.0\selenium-support-4.4.0.jar;C:\Users\Dell\.m2\repository\org\testng\testng\7.4.0\testng-7.4.0.jar;C:\Users\Dell\.m2\repository\com\beust\jcommander\1.78\jcommander-1.78.jar;C:\Users\Dell\.m2\repository\org\webjars\jquery\3.5.1\jquery-3.5.1.jar;"/>
    <property name="java.vm.vendor" value="Oracle Corporation"/>
    <property name="sun.arch.data.model" value="64"/>
    <property name="user.variant" value=""/>
    <property name="java.vendor.url" value="https://java.oracle.com/"/>
    <property name="user.timezone" value="Asia/Calcutta"/>
    <property name="os.name" value="Windows 10"/>
    <property name="java.vm.specification.version" value="12"/>
    <property name="sun.java.launcher" value="SUN_STANDARD"/>
    <property name="user.country" value="IN"/>
    <property name="sun.boot.library.path" value="C:\Program Files\Java\jdk-12.0.2\bin"/>
    <property name="sun.java.command" value="C:\Users\Dell\AppData\Local\Temp\surefire4493420193436541987\surefirebooter11181587195049828203.jar C:\Users\Dell\AppData\Local\Temp\surefire4493420193436541987 2022-10-04T19-10-49_951-jvmRun1 surefire9554893246108252999tmp surefire_015054460859322956222tmp"/>
    <property name="jdk.debug" value="release"/>
    <property name="surefire.test.class.path" value="C:\Users\Dell\eclipse-workspace5\Selenium101\target\test-classes;C:\Users\Dell\eclipse-workspace5\Selenium101\target\classes;C:\Users\Dell\.m2\repository\org\seleniumhq\selenium\selenium-java\4.4.0\selenium-java-4.4.0.jar;C:\Users\Dell\.m2\repository\org\seleniumhq\selenium\selenium-api\4.4.0\selenium-api-4.4.0.jar;C:\Users\Dell\.m2\repository\org\seleniumhq\selenium\selenium-chrome-driver\4.4.0\selenium-chrome-driver-4.4.0.jar;C:\Users\Dell\.m2\repository\com\google\auto\service\auto-service-annotations\1.0.1\auto-service-annotations-1.0.1.jar;C:\Users\Dell\.m2\repository\com\google\auto\service\auto-service\1.0.1\auto-service-1.0.1.jar;C:\Users\Dell\.m2\repository\com\google\auto\auto-common\1.2\auto-common-1.2.jar;C:\Users\Dell\.m2\repository\com\google\guava\guava\31.1-jre\guava-31.1-jre.jar;C:\Users\Dell\.m2\repository\com\google\guava\failureaccess\1.0.1\failureaccess-1.0.1.jar;C:\Users\Dell\.m2\repository\com\google\guava\listenablefuture\9999.0-empty-to-avoid-conflict-with-guava\listenablefuture-9999.0-empty-to-avoid-conflict-with-guava.jar;C:\Users\Dell\.m2\repository\com\google\code\findbugs\jsr305\3.0.2\jsr305-3.0.2.jar;C:\Users\Dell\.m2\repository\org\checkerframework\checker-qual\3.12.0\checker-qual-3.12.0.jar;C:\Users\Dell\.m2\repository\com\google\errorprone\error_prone_annotations\2.11.0\error_prone_annotations-2.11.0.jar;C:\Users\Dell\.m2\repository\com\google\j2objc\j2objc-annotations\1.3\j2objc-annotations-1.3.jar;C:\Users\Dell\.m2\repository\org\seleniumhq\selenium\selenium-chromium-driver\4.4.0\selenium-chromium-driver-4.4.0.jar;C:\Users\Dell\.m2\repository\org\seleniumhq\selenium\selenium-json\4.4.0\selenium-json-4.4.0.jar;C:\Users\Dell\.m2\repository\org\seleniumhq\selenium\selenium-devtools-v102\4.4.0\selenium-devtools-v102-4.4.0.jar;C:\Users\Dell\.m2\repository\org\seleniumhq\selenium\selenium-devtools-v103\4.4.0\selenium-devtools-v103-4.4.0.jar;C:\Users\Dell\.m2\repository\org\seleniumhq\selenium\selenium-devtools-v104\4.4.0\selenium-devtools-v104-4.4.0.jar;C:\Users\Dell\.m2\repository\org\seleniumhq\selenium\selenium-devtools-v85\4.4.0\selenium-devtools-v85-4.4.0.jar;C:\Users\Dell\.m2\repository\org\seleniumhq\selenium\selenium-edge-driver\4.4.0\selenium-edge-driver-4.4.0.jar;C:\Users\Dell\.m2\repository\org\seleniumhq\selenium\selenium-firefox-driver\4.4.0\selenium-firefox-driver-4.4.0.jar;C:\Users\Dell\.m2\repository\org\seleniumhq\selenium\selenium-ie-driver\4.4.0\selenium-ie-driver-4.4.0.jar;C:\Users\Dell\.m2\repository\org\seleniumhq\selenium\selenium-opera-driver\4.4.0\selenium-opera-driver-4.4.0.jar;C:\Users\Dell\.m2\repository\org\seleniumhq\selenium\selenium-remote-driver\4.4.0\selenium-remote-driver-4.4.0.jar;C:\Users\Dell\.m2\repository\io\netty\netty-buffer\4.1.78.Final\netty-buffer-4.1.78.Final.jar;C:\Users\Dell\.m2\repository\io\netty\netty-codec-http\4.1.78.Final\netty-codec-http-4.1.78.Final.jar;C:\Users\Dell\.m2\repository\io\netty\netty-codec\4.1.78.Final\netty-codec-4.1.78.Final.jar;C:\Users\Dell\.m2\repository\io\netty\netty-handler\4.1.78.Final\netty-handler-4.1.78.Final.jar;C:\Users\Dell\.m2\repository\io\netty\netty-common\4.1.78.Final\netty-common-4.1.78.Final.jar;C:\Users\Dell\.m2\repository\io\netty\netty-transport-classes-epoll\4.1.78.Final\netty-transport-classes-epoll-4.1.78.Final.jar;C:\Users\Dell\.m2\repository\io\netty\netty-transport-classes-kqueue\4.1.78.Final\netty-transport-classes-kqueue-4.1.78.Final.jar;C:\Users\Dell\.m2\repository\io\netty\netty-transport-native-epoll\4.1.78.Final\netty-transport-native-epoll-4.1.78.Final.jar;C:\Users\Dell\.m2\repository\io\netty\netty-transport-native-kqueue\4.1.78.Final\netty-transport-native-kqueue-4.1.78.Final.jar;C:\Users\Dell\.m2\repository\io\netty\netty-transport-native-unix-common\4.1.78.Final\netty-transport-native-unix-common-4.1.78.Final.jar;C:\Users\Dell\.m2\repository\io\netty\netty-transport\4.1.78.Final\netty-transport-4.1.78.Final.jar;C:\Users\Dell\.m2\repository\io\netty\netty-resolver\4.1.78.Final\netty-resolver-4.1.78.Final.jar;C:\Users\Dell\.m2\repository\io\opentelemetry\opentelemetry-api\1.16.0\opentelemetry-api-1.16.0.jar;C:\Users\Dell\.m2\repository\io\opentelemetry\opentelemetry-context\1.16.0\opentelemetry-context-1.16.0.jar;C:\Users\Dell\.m2\repository\io\opentelemetry\opentelemetry-exporter-logging\1.16.0\opentelemetry-exporter-logging-1.16.0.jar;C:\Users\Dell\.m2\repository\io\opentelemetry\opentelemetry-sdk-metrics\1.16.0\opentelemetry-sdk-metrics-1.16.0.jar;C:\Users\Dell\.m2\repository\io\opentelemetry\opentelemetry-sdk-logs\1.16.0-alpha\opentelemetry-sdk-logs-1.16.0-alpha.jar;C:\Users\Dell\.m2\repository\io\opentelemetry\opentelemetry-sdk-common\1.16.0\opentelemetry-sdk-common-1.16.0.jar;C:\Users\Dell\.m2\repository\io\opentelemetry\opentelemetry-sdk-extension-autoconfigure-spi\1.16.0\opentelemetry-sdk-extension-autoconfigure-spi-1.16.0.jar;C:\Users\Dell\.m2\repository\io\opentelemetry\opentelemetry-sdk-extension-autoconfigure\1.16.0-alpha\opentelemetry-sdk-extension-autoconfigure-1.16.0-alpha.jar;C:\Users\Dell\.m2\repository\io\opentelemetry\opentelemetry-sdk-trace\1.16.0\opentelemetry-sdk-trace-1.16.0.jar;C:\Users\Dell\.m2\repository\io\opentelemetry\opentelemetry-sdk\1.16.0\opentelemetry-sdk-1.16.0.jar;C:\Users\Dell\.m2\repository\io\opentelemetry\opentelemetry-semconv\1.16.0-alpha\opentelemetry-semconv-1.16.0-alpha.jar;C:\Users\Dell\.m2\repository\io\ous\jtoml\2.0.0\jtoml-2.0.0.jar;C:\Users\Dell\.m2\repository\net\bytebuddy\byte-buddy\1.12.10\byte-buddy-1.12.10.jar;C:\Users\Dell\.m2\repository\org\apache\commons\commons-exec\1.3\commons-exec-1.3.jar;C:\Users\Dell\.m2\repository\org\asynchttpclient\async-http-client\2.12.3\async-http-client-2.12.3.jar;C:\Users\Dell\.m2\repository\org\asynchttpclient\async-http-client-netty-utils\2.12.3\async-http-client-netty-utils-2.12.3.jar;C:\Users\Dell\.m2\repository\io\netty\netty-codec-socks\4.1.60.Final\netty-codec-socks-4.1.60.Final.jar;C:\Users\Dell\.m2\repository\io\netty\netty-handler-proxy\4.1.60.Final\netty-handler-proxy-4.1.60.Final.jar;C:\Users\Dell\.m2\repository\io\netty\netty-transport-native-epoll\4.1.60.Final\netty-transport-native-epoll-4.1.60.Final-linux-x86_64.jar;C:\Users\Dell\.m2\repository\io\netty\netty-transport-native-kqueue\4.1.60.Final\netty-transport-native-kqueue-4.1.60.Final-osx-x86_64.jar;C:\Users\Dell\.m2\repository\org\reactivestreams\reactive-streams\1.0.3\reactive-streams-1.0.3.jar;C:\Users\Dell\.m2\repository\com\typesafe\netty\netty-reactive-streams\2.0.4\netty-reactive-streams-2.0.4.jar;C:\Users\Dell\.m2\repository\org\slf4j\slf4j-api\1.7.30\slf4j-api-1.7.30.jar;C:\Users\Dell\.m2\repository\com\sun\activation\jakarta.activation\1.2.2\jakarta.activation-1.2.2.jar;C:\Users\Dell\.m2\repository\org\seleniumhq\selenium\selenium-http\4.4.0\selenium-http-4.4.0.jar;C:\Users\Dell\.m2\repository\dev\failsafe\failsafe\3.2.4\failsafe-3.2.4.jar;C:\Users\Dell\.m2\repository\org\seleniumhq\selenium\selenium-safari-driver\4.4.0\selenium-safari-driver-4.4.0.jar;C:\Users\Dell\.m2\repository\org\seleniumhq\selenium\selenium-support\4.4.0\selenium-support-4.4.0.jar;C:\Users\Dell\.m2\repository\org\testng\testng\7.4.0\testng-7.4.0.jar;C:\Users\Dell\.m2\repository\com\beust\jcommander\1.78\jcommander-1.78.jar;C:\Users\Dell\.m2\repository\org\webjars\jquery\3.5.1\jquery-3.5.1.jar;"/>
    <property name="sun.cpu.endian" value="little"/>
    <property name="user.home" value="C:\Users\Dell"/>
    <property name="user.language" value="en"/>
    <property name="java.specification.vendor" value="Oracle Corporation"/>
    <property name="java.version.date" value="2019-07-16"/>
    <property name="java.home" value="C:\Program Files\Java\jdk-12.0.2"/>
    <property name="file.separator" value="\"/>
    <property name="basedir" value="C:\Users\Dell\eclipse-workspace5\Selenium101"/>
    <property name="java.vm.compressedOopsMode" value="32-bit"/>
    <property name="line.separator" value="&#10;"/>
    <property name="java.vm.specification.vendor" value="Oracle Corporation"/>
    <property name="java.specification.name" value="Java Platform API Specification"/>
    <property name="java.awt.graphicsenv" value="sun.awt.Win32GraphicsEnvironment"/>
    <property name="surefire.real.class.path" value="C:\Users\Dell\AppData\Local\Temp\surefire4493420193436541987\surefirebooter11181587195049828203.jar"/>
    <property name="user.script" value=""/>
    <property name="sun.management.compiler" value="HotSpot 64-Bit Tiered Compilers"/>
    <property name="java.runtime.version" value="12.0.2+10"/>
    <property name="user.name" value="Dell"/>
    <property name="path.separator" value=";"/>
    <property name="otel.metrics.exporter" value="none"/>
    <property name="os.version" value="10.0"/>
    <property name="java.runtime.name" value="Java(TM) SE Runtime Environment"/>
    <property name="otel.traces.exporter" value="none"/>
    <property name="file.encoding" value="Cp1252"/>
    <property name="java.vm.name" value="Java HotSpot(TM) 64-Bit Server VM"/>
    <property name="localRepository" value="C:\Users\Dell\.m2\repository"/>
    <property name="java.vendor.url.bug" value="https://bugreport.java.com/bugreport/"/>
    <property name="java.io.tmpdir" value="C:\Users\Dell\AppData\Local\Temp\"/>
    <property name="java.version" value="12.0.2"/>
    <property name="user.dir" value="C:\Users\Dell\eclipse-workspace5\Selenium101"/>
    <property name="os.arch" value="amd64"/>
    <property name="java.vm.specification.name" value="Java Virtual Machine Specification"/>
    <property name="sun.os.patch.level" value=""/>
    <property name="java.library.path" value="C:\Program Files\Java\jdk-12.0.2\bin;C:\WINDOWS\Sun\Java\bin;C:\WINDOWS\system32;C:\WINDOWS;C:/Users/Dell/.p2/pool/plugins/org.eclipse.justj.openjdk.hotspot.jre.full.win32.x86_64_18.0.1.v20220515-1614/jre/bin/server;C:/Users/Dell/.p2/pool/plugins/org.eclipse.justj.openjdk.hotspot.jre.full.win32.x86_64_18.0.1.v20220515-1614/jre/bin;C:\Program Files\Common Files\Oracle\Java\javapath;C:\Program Files (x86)\Common Files\Oracle\Java\javapath;C:\WINDOWS\system32;C:\WINDOWS;C:\WINDOWS\System32\Wbem;C:\WINDOWS\System32\WindowsPowerShell\v1.0\;C:\WINDOWS\System32\OpenSSH\;C:\Program Files\Java\jdk-12.0.2\bin;C:\Program Files\Git\cmd;C:\Program Files\apache-maven-3.8.4\bin;C:\Program Files\nodejs\;C:\Program Files\PuTTY\;C:\Users\Dell\AppData\Local\Programs\Python\Python310\Lib\site-packages\;C:\Users\Dell\AppData\Local\Programs\Python\Python310\Scripts\;C:\Users\Dell\AppData\Local\Programs\Python\Python310\;C:\Put a directory on PYTHONPATH here\Scripts\;C:\Put a directory on PYTHONPATH here\Lib\site-packages\;D:\Softwares\gradle-6.6\bin;C:\Program Files\nodejs;C:\Users\Dell\AppData\Local\Programs\Python\Python310\Scripts\;C:\Users\Dell\AppData\Local\Programs\Python\Python310\;C:\Program Files\MySQL\MySQL Shell 8.0\bin\;C:\Users\Dell\AppData\Local\Microsoft\WindowsApps;C:\Program Files\Java\jdk1.8.0_311\bin;C:\Program Files\Java\jre1.8.0_311\bin;C:\Users\Dell\AppData\Roaming\npm;C:\Users\Dell\AppData\Local\Programs\Microsoft VS Code\bin;C:\Program Files\JetBrains\PyCharm Community Edition 2022.1\bin;;C:\Users\Dell\AppData\Local\Programs\Python\Python310\Lib\site-packages\;;C:\Program Files\JetBrains\IntelliJ IDEA Community Edition 2022.1.1\bin;;C:\Users\Dell\Desktop;;."/>
    <property name="java.vm.info" value="mixed mode, sharing"/>
    <property name="java.vendor" value="Oracle Corporation"/>
    <property name="java.vm.version" value="12.0.2+10"/>
    <property name="sun.io.unicode.encoding" value="UnicodeLittle"/>
    <property name="java.class.version" value="56.0"/>
  </properties>
  <testcase name="EnterAndValidateMessage" classname="com.lambda.test.LambdaTest_1" time="8.961">
    <system-out><![CDATA[Step 1:Open LambdaTest’s Selenium Playground from
Step 1:Open LambdaTest’s Selenium Playground from
Step 1:Open LambdaTest’s Selenium Playground from
Step 1:Open LambdaTest’s Selenium Playground from
Step 1:Open LambdaTest’s Selenium Playground from
Setting desired Capabilities
Setting desired Capabilities
Setting desired Capabilities
Setting desired Capabilities
Setting desired Capabilities
Connecting to hub/ Grid
Connecting to hub/ Grid
Connecting to hub/ Grid
Connecting to hub/ Grid
Connecting to hub/ Grid
Step 1:Open LambdaTest’s Selenium Playground from
Step 1:Open LambdaTest’s Selenium Playground from
<-----Lambda Test First Scenario Enter message and Validate it Started----->
<-----Lambda Test First Scenario Enter message and Validate it Started----->
<------Lambda Test First Scenario Ended----->
]]></system-out>
    <system-err><![CDATA[java.lang.NullPointerException
	at com.lambdat.test.base.BaseTest.setUrl(BaseTest.java:73)
	at java.base/jdk.internal.reflect.NativeMethodAccessorImpl.invoke0(Native Method)
	at java.base/jdk.internal.reflect.NativeMethodAccessorImpl.invoke(NativeMethodAccessorImpl.java:62)
	at java.base/jdk.internal.reflect.DelegatingMethodAccessorImpl.invoke(DelegatingMethodAccessorImpl.java:43)
	at java.base/java.lang.reflect.Method.invoke(Method.java:567)
	at org.testng.internal.MethodInvocationHelper.invokeMethod(MethodInvocationHelper.java:133)
	at org.testng.internal.MethodInvocationHelper.invokeMethodConsideringTimeout(MethodInvocationHelper.java:62)
	at org.testng.internal.ConfigInvoker.invokeConfigurationMethod(ConfigInvoker.java:385)
	at org.testng.internal.ConfigInvoker.invokeConfigurations(ConfigInvoker.java:321)
	at org.testng.TestRunner.invokeTestConfigurations(TestRunner.java:637)
	at org.testng.TestRunner.beforeRun(TestRunner.java:627)
	at org.testng.TestRunner.run(TestRunner.java:589)
	at org.testng.SuiteRunner.runTest(SuiteRunner.java:377)
	at org.testng.SuiteRunner.runSequentially(SuiteRunner.java:371)
	at org.testng.SuiteRunner.privateRun(SuiteRunner.java:332)
	at org.testng.SuiteRunner.run(SuiteRunner.java:276)
	at org.testng.SuiteRunnerWorker.runSuite(SuiteRunnerWorker.java:53)
	at org.testng.SuiteRunnerWorker.run(SuiteRunnerWorker.java:96)
	at java.base/java.util.concurrent.ThreadPoolExecutor.runWorker(ThreadPoolExecutor.java:1128)
	at java.base/java.util.concurrent.ThreadPoolExecutor$Worker.run(ThreadPoolExecutor.java:628)
	at java.base/java.lang.Thread.run(Thread.java:835)
java.lang.NullPointerException
	at com.lambdat.test.base.BaseTest.setUrl(BaseTest.java:73)
	at java.base/jdk.internal.reflect.NativeMethodAccessorImpl.invoke0(Native Method)
	at java.base/jdk.internal.reflect.NativeMethodAccessorImpl.invoke(NativeMethodAccessorImpl.java:62)
	at java.base/jdk.internal.reflect.DelegatingMethodAccessorImpl.invoke(DelegatingMethodAccessorImpl.java:43)
	at java.base/java.lang.reflect.Method.invoke(Method.java:567)
	at org.testng.internal.MethodInvocationHelper.invokeMethod(MethodInvocationHelper.java:133)
	at org.testng.internal.MethodInvocationHelper.invokeMethodConsideringTimeout(MethodInvocationHelper.java:62)
	at org.testng.internal.ConfigInvoker.invokeConfigurationMethod(ConfigInvoker.java:385)
	at org.testng.internal.ConfigInvoker.invokeConfigurations(ConfigInvoker.java:321)
	at org.testng.TestRunner.invokeTestConfigurations(TestRunner.java:637)
	at org.testng.TestRunner.beforeRun(TestRunner.java:627)
	at org.testng.TestRunner.run(TestRunner.java:589)
	at org.testng.SuiteRunner.runTest(SuiteRunner.java:377)
	at org.testng.SuiteRunner.access$000(SuiteRunner.java:28)
	at org.testng.SuiteRunner$SuiteWorker.run(SuiteRunner.java:418)
	at org.testng.internal.thread.ThreadUtil.lambda$execute$0(ThreadUtil.java:64)
	at java.base/java.util.concurrent.FutureTask.run(FutureTask.java:264)
	at java.base/java.util.concurrent.ThreadPoolExecutor.runWorker(ThreadPoolExecutor.java:1128)
	at java.base/java.util.concurrent.ThreadPoolExecutor$Worker.run(ThreadPoolExecutor.java:628)
	at java.base/java.lang.Thread.run(Thread.java:835)
java.lang.NullPointerException
	at com.lambdat.test.base.BaseTest.setUrl(BaseTest.java:73)
	at java.base/jdk.internal.reflect.NativeMethodAccessorImpl.invoke0(Native Method)
	at java.base/jdk.internal.reflect.NativeMethodAccessorImpl.invoke(NativeMethodAccessorImpl.java:62)
	at java.base/jdk.internal.reflect.DelegatingMethodAccessorImpl.invoke(DelegatingMethodAccessorImpl.java:43)
	at java.base/java.lang.reflect.Method.invoke(Method.java:567)
	at org.testng.internal.MethodInvocationHelper.invokeMethod(MethodInvocationHelper.java:133)
	at org.testng.internal.MethodInvocationHelper.invokeMethodConsideringTimeout(MethodInvocationHelper.java:62)
	at org.testng.internal.ConfigInvoker.invokeConfigurationMethod(ConfigInvoker.java:385)
	at org.testng.internal.ConfigInvoker.invokeConfigurations(ConfigInvoker.java:321)
	at org.testng.TestRunner.invokeTestConfigurations(TestRunner.java:637)
	at org.testng.TestRunner.beforeRun(TestRunner.java:627)
	at org.testng.TestRunner.run(TestRunner.java:589)
	at org.testng.SuiteRunner.runTest(SuiteRunner.java:377)
	at org.testng.SuiteRunner.access$000(SuiteRunner.java:28)
	at org.testng.SuiteRunner$SuiteWorker.run(SuiteRunner.java:418)
	at org.testng.internal.thread.ThreadUtil.lambda$execute$0(ThreadUtil.java:64)
	at java.base/java.util.concurrent.FutureTask.run(FutureTask.java:264)
	at java.base/java.util.concurrent.ThreadPoolExecutor.runWorker(ThreadPoolExecutor.java:1128)
	at java.base/java.util.concurrent.ThreadPoolExecutor$Worker.run(ThreadPoolExecutor.java:628)
	at java.base/java.lang.Thread.run(Thread.java:835)
java.lang.NullPointerException
	at com.lambdat.test.base.BaseTest.setUrl(BaseTest.java:73)
	at java.base/jdk.internal.reflect.NativeMethodAccessorImpl.invoke0(Native Method)
	at java.base/jdk.internal.reflect.NativeMethodAccessorImpl.invoke(NativeMethodAccessorImpl.java:62)
	at java.base/jdk.internal.reflect.DelegatingMethodAccessorImpl.invoke(DelegatingMethodAccessorImpl.java:43)
	at java.base/java.lang.reflect.Method.invoke(Method.java:567)
	at org.testng.internal.MethodInvocationHelper.invokeMethod(MethodInvocationHelper.java:133)
	at org.testng.internal.MethodInvocationHelper.invokeMethodConsideringTimeout(MethodInvocationHelper.java:62)
	at org.testng.internal.ConfigInvoker.invokeConfigurationMethod(ConfigInvoker.java:385)
	at org.testng.internal.ConfigInvoker.invokeConfigurations(ConfigInvoker.java:321)
	at org.testng.TestRunner.invokeTestConfigurations(TestRunner.java:637)
	at org.testng.TestRunner.beforeRun(TestRunner.java:627)
	at org.testng.TestRunner.run(TestRunner.java:589)
	at org.testng.SuiteRunner.runTest(SuiteRunner.java:377)
	at org.testng.SuiteRunner.access$000(SuiteRunner.java:28)
	at org.testng.SuiteRunner$SuiteWorker.run(SuiteRunner.java:418)
	at org.testng.internal.thread.ThreadUtil.lambda$execute$0(ThreadUtil.java:64)
	at java.base/java.util.concurrent.FutureTask.run(FutureTask.java:264)
	at java.base/java.util.concurrent.ThreadPoolExecutor.runWorker(ThreadPoolExecutor.java:1128)
	at java.base/java.util.concurrent.ThreadPoolExecutor$Worker.run(ThreadPoolExecutor.java:628)
	at java.base/java.lang.Thread.run(Thread.java:835)
java.lang.NullPointerException
	at com.lambdat.test.base.BaseTest.setUrl(BaseTest.java:73)
	at java.base/jdk.internal.reflect.NativeMethodAccessorImpl.invoke0(Native Method)
	at java.base/jdk.internal.reflect.NativeMethodAccessorImpl.invoke(NativeMethodAccessorImpl.java:62)
	at java.base/jdk.internal.reflect.DelegatingMethodAccessorImpl.invoke(DelegatingMethodAccessorImpl.java:43)
	at java.base/java.lang.reflect.Method.invoke(Method.java:567)
	at org.testng.internal.MethodInvocationHelper.invokeMethod(MethodInvocationHelper.java:133)
	at org.testng.internal.MethodInvocationHelper.invokeMethodConsideringTimeout(MethodInvocationHelper.java:62)
	at org.testng.internal.ConfigInvoker.invokeConfigurationMethod(ConfigInvoker.java:385)
	at org.testng.internal.ConfigInvoker.invokeConfigurations(ConfigInvoker.java:321)
	at org.testng.TestRunner.invokeTestConfigurations(TestRunner.java:637)
	at org.testng.TestRunner.beforeRun(TestRunner.java:627)
	at org.testng.TestRunner.run(TestRunner.java:589)
	at org.testng.SuiteRunner.runTest(SuiteRunner.java:377)
	at org.testng.SuiteRunner.access$000(SuiteRunner.java:28)
	at org.testng.SuiteRunner$SuiteWorker.run(SuiteRunner.java:418)
	at org.testng.internal.thread.ThreadUtil.lambda$execute$0(ThreadUtil.java:64)
	at java.base/java.util.concurrent.FutureTask.run(FutureTask.java:264)
	at java.base/java.util.concurrent.ThreadPoolExecutor.runWorker(ThreadPoolExecutor.java:1128)
	at java.base/java.util.concurrent.ThreadPoolExecutor$Worker.run(ThreadPoolExecutor.java:628)
	at java.base/java.lang.Thread.run(Thread.java:835)
Oct 04, 2022 7:10:54 PM org.openqa.selenium.remote.tracing.opentelemetry.OpenTelemetryTracer createTracer
INFO: Using OpenTelemetry for tracing
SLF4J: Failed to load class "org.slf4j.impl.StaticLoggerBinder".
SLF4J: Defaulting to no-operation (NOP) logger implementation
SLF4J: See http://www.slf4j.org/codes.html#StaticLoggerBinder for further details.
Oct 04, 2022 7:10:55 PM org.openqa.selenium.remote.RemoteWebDriver checkNonW3CCapabilities
WARNING: Support for Legacy Capabilities is deprecated; You are sending the following invalid capabilities: [build, console, name, network, platform, plugin, version, video, visual]; Please update to W3C Syntax: https://www.selenium.dev/blog/2022/legacy-protocol-support/
Oct 04, 2022 7:10:55 PM org.openqa.selenium.remote.RemoteWebDriver checkNonW3CCapabilities
WARNING: Support for Legacy Capabilities is deprecated; You are sending the following invalid capabilities: [build, console, name, network, platform, plugin, version, video, visual]; Please update to W3C Syntax: https://www.selenium.dev/blog/2022/legacy-protocol-support/
Oct 04, 2022 7:10:55 PM org.openqa.selenium.remote.RemoteWebDriver checkNonW3CCapabilities
WARNING: Support for Legacy Capabilities is deprecated; You are sending the following invalid capabilities: [build, console, name, network, platform, plugin, version, video, visual]; Please update to W3C Syntax: https://www.selenium.dev/blog/2022/legacy-protocol-support/
Oct 04, 2022 7:10:55 PM org.openqa.selenium.remote.RemoteWebDriver checkNonW3CCapabilities
WARNING: Support for Legacy Capabilities is deprecated; You are sending the following invalid capabilities: [build, console, name, network, platform, plugin, version, video, visual]; Please update to W3C Syntax: https://www.selenium.dev/blog/2022/legacy-protocol-support/
Oct 04, 2022 7:10:55 PM org.openqa.selenium.remote.RemoteWebDriver checkNonW3CCapabilities
WARNING: Support for Legacy Capabilities is deprecated; You are sending the following invalid capabilities: [build, console, name, network, platform, plugin, version, video, visual]; Please update to W3C Syntax: https://www.selenium.dev/blog/2022/legacy-protocol-support/
Oct 04, 2022 7:11:03 PM org.openqa.selenium.remote.ProtocolHandshake createSession
INFO: Detected upstream dialect: W3C
Oct 04, 2022 7:11:03 PM org.openqa.selenium.remote.ProtocolHandshake createSession
WARNING: Support for Legacy Capabilities is deprecated; You are sending the following invalid capabilities: [build, console, name, network, platform, plugin, version, video, visual]; Please update to W3C Syntax: https://www.selenium.dev/blog/2022/legacy-protocol-support/
Oct 04, 2022 7:11:04 PM org.openqa.selenium.remote.ProtocolHandshake createSession
INFO: Detected upstream dialect: W3C
Oct 04, 2022 7:11:04 PM org.openqa.selenium.remote.ProtocolHandshake createSession
WARNING: Support for Legacy Capabilities is deprecated; You are sending the following invalid capabilities: [build, console, name, network, platform, plugin, version, video, visual]; Please update to W3C Syntax: https://www.selenium.dev/blog/2022/legacy-protocol-support/
]]></system-err>
  </testcase>
  <testcase name="EnterAndValidateMessage" classname="com.lambda.test.LambdaTest_1" time="10.117">
    <system-out><![CDATA[<+======Ending the Test Method =====>
Closing the browser session
<------Lambda Test First Scenario Ended----->
]]></system-out>
  </testcase>
  <testcase name="EnterAndValidateMessage" classname="com.lambda.test.LambdaTest_1" time="8.706">
    <system-out><![CDATA[<+======Ending the Test Method =====>
Closing the browser session
Setting desired Capabilities
Connecting to hub/ Grid
Setting desired Capabilities
Connecting to hub/ Grid
Step 1:Open LambdaTest’s Selenium Playground from
Step 1:Open LambdaTests Selenium Playground form
<-----Lambda Test First Scenario Enter message and Validate it Started----->
<---Lambda Test Second Scenario Handling Slider Bar Started ---->
Step 1: click Drag and Drop Sliders under Progress Bars and Sliders.
Step 3: Select the slider Default value 15.
Step 4: drag the bar to make it 95
<------Lambda Test First Scenario Ended----->
]]></system-out>
    <system-err><![CDATA[Oct 04, 2022 7:11:15 PM org.openqa.selenium.remote.RemoteWebDriver checkNonW3CCapabilities
WARNING: Support for Legacy Capabilities is deprecated; You are sending the following invalid capabilities: [build, console, name, network, platform, plugin, version, video, visual]; Please update to W3C Syntax: https://www.selenium.dev/blog/2022/legacy-protocol-support/
Oct 04, 2022 7:11:16 PM org.openqa.selenium.remote.RemoteWebDriver checkNonW3CCapabilities
WARNING: Support for Legacy Capabilities is deprecated; You are sending the following invalid capabilities: [build, console, name, network, platform, plugin, version, video, visual]; Please update to W3C Syntax: https://www.selenium.dev/blog/2022/legacy-protocol-support/
Oct 04, 2022 7:11:24 PM org.openqa.selenium.remote.ProtocolHandshake createSession
INFO: Detected upstream dialect: W3C
Oct 04, 2022 7:11:24 PM org.openqa.selenium.remote.ProtocolHandshake createSession
WARNING: Support for Legacy Capabilities is deprecated; You are sending the following invalid capabilities: [build, console, name, network, platform, plugin, version, video, visual]; Please update to W3C Syntax: https://www.selenium.dev/blog/2022/legacy-protocol-support/
Oct 04, 2022 7:11:25 PM org.openqa.selenium.remote.ProtocolHandshake createSession
INFO: Detected upstream dialect: W3C
Oct 04, 2022 7:11:25 PM org.openqa.selenium.remote.ProtocolHandshake createSession
WARNING: Support for Legacy Capabilities is deprecated; You are sending the following invalid capabilities: [build, console, name, network, platform, plugin, version, video, visual]; Please update to W3C Syntax: https://www.selenium.dev/blog/2022/legacy-protocol-support/
]]></system-err>
  </testcase>
  <testcase name="EnterAndValidateMessage" classname="com.lambda.test.LambdaTest_1" time="3.501">
    <system-out><![CDATA[<+======Ending the Test Method =====>
Closing the browser session
Step 1:Open LambdaTest’s Selenium Playground from
<-----Lambda Test First Scenario Enter message and Validate it Started----->
Step 1:Open LambdaTest’s Selenium Playground from
<-----Third Scenario Form filling started---->
<----Third Scenario Form filling started----->
Step 2 : click on Input Form Submit link under Input Forms.
<------Lambda Test First Scenario Ended----->
]]></system-out>
    <system-err><![CDATA[Oct 04, 2022 7:12:54 PM org.openqa.selenium.remote.ProtocolHandshake createSession
INFO: Detected upstream dialect: W3C
Oct 04, 2022 7:12:54 PM org.openqa.selenium.remote.ProtocolHandshake createSession
WARNING: Support for Legacy Capabilities is deprecated; You are sending the following invalid capabilities: [build, console, name, network, platform, plugin, version, video, visual]; Please update to W3C Syntax: https://www.selenium.dev/blog/2022/legacy-protocol-support/
Oct 04, 2022 7:13:00 PM org.openqa.selenium.remote.ProtocolHandshake createSession
INFO: Detected upstream dialect: W3C
Oct 04, 2022 7:13:00 PM org.openqa.selenium.remote.ProtocolHandshake createSession
WARNING: Support for Legacy Capabilities is deprecated; You are sending the following invalid capabilities: [build, console, name, network, platform, plugin, version, video, visual]; Please update to W3C Syntax: https://www.selenium.dev/blog/2022/legacy-protocol-support/
]]></system-err>
  </testcase>
  <testcase name="EnterAndValidateMessage" classname="com.lambda.test.LambdaTest_1" time="11.716">
    <system-out><![CDATA[<+======Ending the Test Method =====>
Closing the browser session
<-----Lambda Test First Scenario Enter message and Validate it Started----->
<------Lambda Test First Scenario Ended----->
]]></system-out>
  </testcase>
  <testcase name="EnterAndValidateMessage" classname="com.lambda.test.LambdaTest_1" time="11.095">
    <system-out><![CDATA[<+======Ending the Test Method =====>
Closing the browser session
Step 1:Open LambdaTest’s Selenium Playground from
Setting desired Capabilities
Connecting to hub/ Grid
Setting desired Capabilities
Connecting to hub/ Grid
Step 1:Open LambdaTest’s Selenium Playground from
Step 1:Open LambdaTest’s Selenium Playground from
<-----Lambda Test First Scenario Enter message and Validate it Started----->
<-----Third Scenario Form filling started---->
<----Third Scenario Form filling started----->
Step 2 : click on Input Form Submit link under Input Forms.
Step 3: Click on Submit without filling in any information in the form.
Step 4: Assert Please fill in the fields error message.
true
Step 5 : Fill in Name, Email, and other fields. locators of all form fields
<------Lambda Test First Scenario Ended----->
]]></system-out>
    <system-err><![CDATA[java.lang.NullPointerException
	at com.lambdat.test.base.BaseTest.setUrl(BaseTest.java:73)
	at java.base/jdk.internal.reflect.NativeMethodAccessorImpl.invoke0(Native Method)
	at java.base/jdk.internal.reflect.NativeMethodAccessorImpl.invoke(NativeMethodAccessorImpl.java:62)
	at java.base/jdk.internal.reflect.DelegatingMethodAccessorImpl.invoke(DelegatingMethodAccessorImpl.java:43)
	at java.base/java.lang.reflect.Method.invoke(Method.java:567)
	at org.testng.internal.MethodInvocationHelper.invokeMethod(MethodInvocationHelper.java:133)
	at org.testng.internal.MethodInvocationHelper.invokeMethodConsideringTimeout(MethodInvocationHelper.java:62)
	at org.testng.internal.ConfigInvoker.invokeConfigurationMethod(ConfigInvoker.java:385)
	at org.testng.internal.ConfigInvoker.invokeConfigurations(ConfigInvoker.java:321)
	at org.testng.TestRunner.invokeTestConfigurations(TestRunner.java:637)
	at org.testng.TestRunner.beforeRun(TestRunner.java:627)
	at org.testng.TestRunner.run(TestRunner.java:589)
	at org.testng.SuiteRunner.runTest(SuiteRunner.java:377)
	at org.testng.SuiteRunner.runSequentially(SuiteRunner.java:371)
	at org.testng.SuiteRunner.privateRun(SuiteRunner.java:332)
	at org.testng.SuiteRunner.run(SuiteRunner.java:276)
	at org.testng.SuiteRunnerWorker.runSuite(SuiteRunnerWorker.java:53)
	at org.testng.SuiteRunnerWorker.run(SuiteRunnerWorker.java:96)
	at java.base/java.util.concurrent.ThreadPoolExecutor.runWorker(ThreadPoolExecutor.java:1128)
	at java.base/java.util.concurrent.ThreadPoolExecutor$Worker.run(ThreadPoolExecutor.java:628)
	at java.base/java.lang.Thread.run(Thread.java:835)
Oct 04, 2022 7:15:30 PM org.openqa.selenium.remote.RemoteWebDriver checkNonW3CCapabilities
WARNING: Support for Legacy Capabilities is deprecated; You are sending the following invalid capabilities: [build, console, name, network, platform, plugin, version, video, visual]; Please update to W3C Syntax: https://www.selenium.dev/blog/2022/legacy-protocol-support/
Oct 04, 2022 7:15:31 PM org.openqa.selenium.remote.RemoteWebDriver checkNonW3CCapabilities
WARNING: Support for Legacy Capabilities is deprecated; You are sending the following invalid capabilities: [build, console, name, network, platform, plugin, version, video, visual]; Please update to W3C Syntax: https://www.selenium.dev/blog/2022/legacy-protocol-support/
Oct 04, 2022 7:15:46 PM org.openqa.selenium.remote.ProtocolHandshake createSession
INFO: Detected upstream dialect: W3C
Oct 04, 2022 7:15:46 PM org.openqa.selenium.remote.ProtocolHandshake createSession
WARNING: Support for Legacy Capabilities is deprecated; You are sending the following invalid capabilities: [build, console, name, network, platform, plugin, version, video, visual]; Please update to W3C Syntax: https://www.selenium.dev/blog/2022/legacy-protocol-support/
Oct 04, 2022 7:15:47 PM org.openqa.selenium.remote.ProtocolHandshake createSession
INFO: Detected upstream dialect: W3C
Oct 04, 2022 7:15:47 PM org.openqa.selenium.remote.ProtocolHandshake createSession
WARNING: Support for Legacy Capabilities is deprecated; You are sending the following invalid capabilities: [build, console, name, network, platform, plugin, version, video, visual]; Please update to W3C Syntax: https://www.selenium.dev/blog/2022/legacy-protocol-support/
java.lang.ClassCastException: class org.openqa.selenium.remote.RemoteWebElement cannot be cast to class org.openqa.selenium.By (org.openqa.selenium.remote.RemoteWebElement and org.openqa.selenium.By are in unnamed module of loader 'app')
	at com.lambda.test.LambdaTest_3.FormFilling(LambdaTest_3.java:54)
	at java.base/jdk.internal.reflect.NativeMethodAccessorImpl.invoke0(Native Method)
	at java.base/jdk.internal.reflect.NativeMethodAccessorImpl.invoke(NativeMethodAccessorImpl.java:62)
	at java.base/jdk.internal.reflect.DelegatingMethodAccessorImpl.invoke(DelegatingMethodAccessorImpl.java:43)
	at java.base/java.lang.reflect.Method.invoke(Method.java:567)
	at org.testng.internal.MethodInvocationHelper.invokeMethod(MethodInvocationHelper.java:133)
	at org.testng.internal.TestInvoker.invokeMethod(TestInvoker.java:598)
	at org.testng.internal.TestInvoker.invokeTestMethod(TestInvoker.java:173)
	at org.testng.internal.MethodRunner.runInSequence(MethodRunner.java:46)
	at org.testng.internal.TestInvoker$MethodInvocationAgent.invoke(TestInvoker.java:824)
	at org.testng.internal.TestInvoker.invokeTestMethods(TestInvoker.java:146)
	at org.testng.internal.TestMethodWorker.invokeTestMethods(TestMethodWorker.java:146)
	at org.testng.internal.TestMethodWorker.run(TestMethodWorker.java:128)
	at java.base/java.util.ArrayList.forEach(ArrayList.java:1540)
	at org.testng.TestRunner.privateRun(TestRunner.java:794)
	at org.testng.TestRunner.run(TestRunner.java:596)
	at org.testng.SuiteRunner.runTest(SuiteRunner.java:377)
	at org.testng.SuiteRunner.access$000(SuiteRunner.java:28)
	at org.testng.SuiteRunner$SuiteWorker.run(SuiteRunner.java:418)
	at org.testng.internal.thread.ThreadUtil.lambda$execute$0(ThreadUtil.java:64)
	at java.base/java.util.concurrent.FutureTask.run(FutureTask.java:264)
	at java.base/java.util.concurrent.ThreadPoolExecutor.runWorker(ThreadPoolExecutor.java:1128)
	at java.base/java.util.concurrent.ThreadPoolExecutor$Worker.run(ThreadPoolExecutor.java:628)
	at java.base/java.lang.Thread.run(Thread.java:835)
]]></system-err>
  </testcase>
  <testcase name="EnterAndValidateMessage" classname="com.lambda.test.LambdaTest_1" time="9.901">
    <system-out><![CDATA[<+======Ending the Test Method =====>
Closing the browser session
Step 1:Open LambdaTest’s Selenium Playground from
Setting desired Capabilities
Connecting to hub/ Grid
Step 1:Open LambdaTest’s Selenium Playground from
<-----Lambda Test First Scenario Enter message and Validate it Started----->
<------Lambda Test First Scenario Ended----->
]]></system-out>
    <system-err><![CDATA[java.lang.NullPointerException
	at com.lambdat.test.base.BaseTest.setUrl(BaseTest.java:73)
	at java.base/jdk.internal.reflect.NativeMethodAccessorImpl.invoke0(Native Method)
	at java.base/jdk.internal.reflect.NativeMethodAccessorImpl.invoke(NativeMethodAccessorImpl.java:62)
	at java.base/jdk.internal.reflect.DelegatingMethodAccessorImpl.invoke(DelegatingMethodAccessorImpl.java:43)
	at java.base/java.lang.reflect.Method.invoke(Method.java:567)
	at org.testng.internal.MethodInvocationHelper.invokeMethod(MethodInvocationHelper.java:133)
	at org.testng.internal.MethodInvocationHelper.invokeMethodConsideringTimeout(MethodInvocationHelper.java:62)
	at org.testng.internal.ConfigInvoker.invokeConfigurationMethod(ConfigInvoker.java:385)
	at org.testng.internal.ConfigInvoker.invokeConfigurations(ConfigInvoker.java:321)
	at org.testng.TestRunner.invokeTestConfigurations(TestRunner.java:637)
	at org.testng.TestRunner.beforeRun(TestRunner.java:627)
	at org.testng.TestRunner.run(TestRunner.java:589)
	at org.testng.SuiteRunner.runTest(SuiteRunner.java:377)
	at org.testng.SuiteRunner.runSequentially(SuiteRunner.java:371)
	at org.testng.SuiteRunner.privateRun(SuiteRunner.java:332)
	at org.testng.SuiteRunner.run(SuiteRunner.java:276)
	at org.testng.SuiteRunnerWorker.runSuite(SuiteRunnerWorker.java:53)
	at org.testng.SuiteRunnerWorker.run(SuiteRunnerWorker.java:96)
	at java.base/java.util.concurrent.ThreadPoolExecutor.runWorker(ThreadPoolExecutor.java:1128)
	at java.base/java.util.concurrent.ThreadPoolExecutor$Worker.run(ThreadPoolExecutor.java:628)
	at java.base/java.lang.Thread.run(Thread.java:835)
Oct 04, 2022 7:17:37 PM org.openqa.selenium.remote.RemoteWebDriver checkNonW3CCapabilities
WARNING: Support for Legacy Capabilities is deprecated; You are sending the following invalid capabilities: [build, console, name, network, platform, plugin, version, video, visual]; Please update to W3C Syntax: https://www.selenium.dev/blog/2022/legacy-protocol-support/
Oct 04, 2022 7:17:48 PM org.openqa.selenium.remote.ProtocolHandshake createSession
INFO: Detected upstream dialect: W3C
Oct 04, 2022 7:17:48 PM org.openqa.selenium.remote.ProtocolHandshake createSession
WARNING: Support for Legacy Capabilities is deprecated; You are sending the following invalid capabilities: [build, console, name, network, platform, plugin, version, video, visual]; Please update to W3C Syntax: https://www.selenium.dev/blog/2022/legacy-protocol-support/
]]></system-err>
  </testcase>
  <testcase name="EnterAndValidateMessage" classname="com.lambda.test.LambdaTest_1" time="11.03">
    <system-out><![CDATA[<+======Ending the Test Method =====>
Closing the browser session
Step 1:Open LambdaTest’s Selenium Playground from
Setting desired Capabilities
Connecting to hub/ Grid
Step 1:Open LambdaTest’s Selenium Playground from
<-----Lambda Test First Scenario Enter message and Validate it Started----->
<------Lambda Test First Scenario Ended----->
]]></system-out>
    <system-err><![CDATA[java.lang.NullPointerException
	at com.lambdat.test.base.BaseTest.setUrl(BaseTest.java:73)
	at java.base/jdk.internal.reflect.NativeMethodAccessorImpl.invoke0(Native Method)
	at java.base/jdk.internal.reflect.NativeMethodAccessorImpl.invoke(NativeMethodAccessorImpl.java:62)
	at java.base/jdk.internal.reflect.DelegatingMethodAccessorImpl.invoke(DelegatingMethodAccessorImpl.java:43)
	at java.base/java.lang.reflect.Method.invoke(Method.java:567)
	at org.testng.internal.MethodInvocationHelper.invokeMethod(MethodInvocationHelper.java:133)
	at org.testng.internal.MethodInvocationHelper.invokeMethodConsideringTimeout(MethodInvocationHelper.java:62)
	at org.testng.internal.ConfigInvoker.invokeConfigurationMethod(ConfigInvoker.java:385)
	at org.testng.internal.ConfigInvoker.invokeConfigurations(ConfigInvoker.java:321)
	at org.testng.TestRunner.invokeTestConfigurations(TestRunner.java:637)
	at org.testng.TestRunner.beforeRun(TestRunner.java:627)
	at org.testng.TestRunner.run(TestRunner.java:589)
	at org.testng.SuiteRunner.runTest(SuiteRunner.java:377)
	at org.testng.SuiteRunner.runSequentially(SuiteRunner.java:371)
	at org.testng.SuiteRunner.privateRun(SuiteRunner.java:332)
	at org.testng.SuiteRunner.run(SuiteRunner.java:276)
	at org.testng.SuiteRunnerWorker.runSuite(SuiteRunnerWorker.java:53)
	at org.testng.SuiteRunnerWorker.run(SuiteRunnerWorker.java:96)
	at java.base/java.util.concurrent.ThreadPoolExecutor.runWorker(ThreadPoolExecutor.java:1128)
	at java.base/java.util.concurrent.ThreadPoolExecutor$Worker.run(ThreadPoolExecutor.java:628)
	at java.base/java.lang.Thread.run(Thread.java:835)
Oct 04, 2022 7:19:24 PM org.openqa.selenium.remote.RemoteWebDriver checkNonW3CCapabilities
WARNING: Support for Legacy Capabilities is deprecated; You are sending the following invalid capabilities: [build, console, name, network, platform, plugin, version, video, visual]; Please update to W3C Syntax: https://www.selenium.dev/blog/2022/legacy-protocol-support/
Oct 04, 2022 7:19:30 PM org.openqa.selenium.remote.ProtocolHandshake createSession
INFO: Detected upstream dialect: W3C
Oct 04, 2022 7:19:30 PM org.openqa.selenium.remote.ProtocolHandshake createSession
WARNING: Support for Legacy Capabilities is deprecated; You are sending the following invalid capabilities: [build, console, name, network, platform, plugin, version, video, visual]; Please update to W3C Syntax: https://www.selenium.dev/blog/2022/legacy-protocol-support/
]]></system-err>
  </testcase>
  <testcase name="HandlingSliderBar" classname="com.lambda.test.LambdaTest_2" time="22.956">
    <system-out><![CDATA[<+======Ending the Test Method =====>
Closing the browser session
Setting desired Capabilities
Connecting to hub/ Grid
Step 1:Open LambdaTests Selenium Playground form
<---Lambda Test Second Scenario Handling Slider Bar Started ---->
Step 1: click Drag and Drop Sliders under Progress Bars and Sliders.
Step 3: Select the slider Default value 15.
Step 4: drag the bar to make it 95
Step 5: validating whether the range value shows 95.
The slider moved horizontal right at value of :95
Lambda Test Second Scenario Ended
]]></system-out>
    <system-err><![CDATA[Oct 04, 2022 7:11:37 PM org.openqa.selenium.remote.RemoteWebDriver checkNonW3CCapabilities
WARNING: Support for Legacy Capabilities is deprecated; You are sending the following invalid capabilities: [build, console, name, network, platform, plugin, version, video, visual]; Please update to W3C Syntax: https://www.selenium.dev/blog/2022/legacy-protocol-support/
Oct 04, 2022 7:11:50 PM org.openqa.selenium.remote.ProtocolHandshake createSession
INFO: Detected upstream dialect: W3C
Oct 04, 2022 7:11:50 PM org.openqa.selenium.remote.ProtocolHandshake createSession
WARNING: Support for Legacy Capabilities is deprecated; You are sending the following invalid capabilities: [build, console, name, network, platform, plugin, version, video, visual]; Please update to W3C Syntax: https://www.selenium.dev/blog/2022/legacy-protocol-support/
]]></system-err>
  </testcase>
  <testcase name="HandlingSliderBar" classname="com.lambda.test.LambdaTest_2" time="9.846">
    <system-out><![CDATA[<+======Ending the Test Method =====>
Closing the browser session
Setting desired Capabilities
Connecting to hub/ Grid
Step 1:Open LambdaTest’s Selenium Playground from
<-----Third Scenario Form filling started---->
<----Third Scenario Form filling started----->
Step 2 : click on Input Form Submit link under Input Forms.
Step 3: Click on Submit without filling in any information in the form.
Step 4: Assert Please fill in the fields error message.
true
Step 5 : Fill in Name, Email, and other fields. locators of all form fields
Step 5: validating whether the range value shows 95.
The slider moved horizontal right at value of :95
Lambda Test Second Scenario Ended
]]></system-out>
    <system-err><![CDATA[Oct 04, 2022 7:12:15 PM org.openqa.selenium.remote.RemoteWebDriver checkNonW3CCapabilities
WARNING: Support for Legacy Capabilities is deprecated; You are sending the following invalid capabilities: [build, console, name, network, platform, plugin, version, video, visual]; Please update to W3C Syntax: https://www.selenium.dev/blog/2022/legacy-protocol-support/
Oct 04, 2022 7:12:26 PM org.openqa.selenium.remote.ProtocolHandshake createSession
INFO: Detected upstream dialect: W3C
Oct 04, 2022 7:12:26 PM org.openqa.selenium.remote.ProtocolHandshake createSession
WARNING: Support for Legacy Capabilities is deprecated; You are sending the following invalid capabilities: [build, console, name, network, platform, plugin, version, video, visual]; Please update to W3C Syntax: https://www.selenium.dev/blog/2022/legacy-protocol-support/
java.lang.ClassCastException: class org.openqa.selenium.remote.RemoteWebElement cannot be cast to class org.openqa.selenium.By (org.openqa.selenium.remote.RemoteWebElement and org.openqa.selenium.By are in unnamed module of loader 'app')
	at com.lambda.test.LambdaTest_3.FormFilling(LambdaTest_3.java:54)
	at java.base/jdk.internal.reflect.NativeMethodAccessorImpl.invoke0(Native Method)
	at java.base/jdk.internal.reflect.NativeMethodAccessorImpl.invoke(NativeMethodAccessorImpl.java:62)
	at java.base/jdk.internal.reflect.DelegatingMethodAccessorImpl.invoke(DelegatingMethodAccessorImpl.java:43)
	at java.base/java.lang.reflect.Method.invoke(Method.java:567)
	at org.testng.internal.MethodInvocationHelper.invokeMethod(MethodInvocationHelper.java:133)
	at org.testng.internal.TestInvoker.invokeMethod(TestInvoker.java:598)
	at org.testng.internal.TestInvoker.invokeTestMethod(TestInvoker.java:173)
	at org.testng.internal.MethodRunner.runInSequence(MethodRunner.java:46)
	at org.testng.internal.TestInvoker$MethodInvocationAgent.invoke(TestInvoker.java:824)
	at org.testng.internal.TestInvoker.invokeTestMethods(TestInvoker.java:146)
	at org.testng.internal.TestMethodWorker.invokeTestMethods(TestMethodWorker.java:146)
	at org.testng.internal.TestMethodWorker.run(TestMethodWorker.java:128)
	at java.base/java.util.ArrayList.forEach(ArrayList.java:1540)
	at org.testng.TestRunner.privateRun(TestRunner.java:794)
	at org.testng.TestRunner.run(TestRunner.java:596)
	at org.testng.SuiteRunner.runTest(SuiteRunner.java:377)
	at org.testng.SuiteRunner.access$000(SuiteRunner.java:28)
	at org.testng.SuiteRunner$SuiteWorker.run(SuiteRunner.java:418)
	at org.testng.internal.thread.ThreadUtil.lambda$execute$0(ThreadUtil.java:64)
	at java.base/java.util.concurrent.FutureTask.run(FutureTask.java:264)
	at java.base/java.util.concurrent.ThreadPoolExecutor.runWorker(ThreadPoolExecutor.java:1128)
	at java.base/java.util.concurrent.ThreadPoolExecutor$Worker.run(ThreadPoolExecutor.java:628)
	at java.base/java.lang.Thread.run(Thread.java:835)
]]></system-err>
  </testcase>
  <testcase name="HandlingSliderBar" classname="com.lambda.test.LambdaTest_2" time="40.353">
    <system-out><![CDATA[<+======Ending the Test Method =====>
Closing the browser session
Setting desired Capabilities
Connecting to hub/ Grid
Step 1:Open LambdaTests Selenium Playground form
<---Lambda Test Second Scenario Handling Slider Bar Started ---->
Step 1: click Drag and Drop Sliders under Progress Bars and Sliders.
Step 3: Select the slider Default value 15.
Step 4: drag the bar to make it 95
Step 1:Open LambdaTests Selenium Playground form
<---Lambda Test Second Scenario Handling Slider Bar Started ---->
Step 1: click Drag and Drop Sliders under Progress Bars and Sliders.
Step 3: Select the slider Default value 15.
Step 4: drag the bar to make it 95
Step 5: validating whether the range value shows 95.
The slider moved horizontal right at value of :95
Lambda Test Second Scenario Ended
]]></system-out>
    <system-err><![CDATA[Oct 04, 2022 7:13:29 PM org.openqa.selenium.remote.RemoteWebDriver checkNonW3CCapabilities
WARNING: Support for Legacy Capabilities is deprecated; You are sending the following invalid capabilities: [build, console, name, network, platform, plugin, version, video, visual]; Please update to W3C Syntax: https://www.selenium.dev/blog/2022/legacy-protocol-support/
Oct 04, 2022 7:13:34 PM org.openqa.selenium.remote.ProtocolHandshake createSession
INFO: Detected upstream dialect: W3C
Oct 04, 2022 7:13:34 PM org.openqa.selenium.remote.ProtocolHandshake createSession
WARNING: Support for Legacy Capabilities is deprecated; You are sending the following invalid capabilities: [build, console, name, network, platform, plugin, version, video, visual]; Please update to W3C Syntax: https://www.selenium.dev/blog/2022/legacy-protocol-support/
Oct 04, 2022 7:13:43 PM org.openqa.selenium.remote.ProtocolHandshake createSession
INFO: Detected upstream dialect: W3C
Oct 04, 2022 7:13:43 PM org.openqa.selenium.remote.ProtocolHandshake createSession
WARNING: Support for Legacy Capabilities is deprecated; You are sending the following invalid capabilities: [build, console, name, network, platform, plugin, version, video, visual]; Please update to W3C Syntax: https://www.selenium.dev/blog/2022/legacy-protocol-support/
]]></system-err>
  </testcase>
  <testcase name="HandlingSliderBar" classname="com.lambda.test.LambdaTest_2" time="49.632">
    <system-out><![CDATA[<+======Ending the Test Method =====>
Closing the browser session
Setting desired Capabilities
Connecting to hub/ Grid
Step 5: validating whether the range value shows 95.
The slider moved horizontal right at value of :95
Lambda Test Second Scenario Ended
]]></system-out>
    <system-err><![CDATA[Oct 04, 2022 7:14:25 PM org.openqa.selenium.remote.RemoteWebDriver checkNonW3CCapabilities
WARNING: Support for Legacy Capabilities is deprecated; You are sending the following invalid capabilities: [build, console, name, network, platform, plugin, version, video, visual]; Please update to W3C Syntax: https://www.selenium.dev/blog/2022/legacy-protocol-support/
]]></system-err>
  </testcase>
  <testcase name="HandlingSliderBar" classname="com.lambda.test.LambdaTest_2" time="17.647">
    <system-out><![CDATA[<+======Ending the Test Method =====>
Closing the browser session
Step 5: validating whether the range value shows 95.
The slider moved horizontal right at value of :95
Lambda Test Second Scenario Ended
]]></system-out>
  </testcase>
  <testcase name="HandlingSliderBar" classname="com.lambda.test.LambdaTest_2" time="49.244">
    <system-out><![CDATA[<+======Ending the Test Method =====>
Closing the browser session
Step 1:Open LambdaTests Selenium Playground form
<---Lambda Test Second Scenario Handling Slider Bar Started ---->
Step 1: click Drag and Drop Sliders under Progress Bars and Sliders.
Step 3: Select the slider Default value 15.
Step 4: drag the bar to make it 95
Step 5: validating whether the range value shows 95.
The slider moved horizontal right at value of :95
Lambda Test Second Scenario Ended
]]></system-out>
    <system-err><![CDATA[Oct 04, 2022 7:16:16 PM org.openqa.selenium.remote.ProtocolHandshake createSession
INFO: Detected upstream dialect: W3C
Oct 04, 2022 7:16:16 PM org.openqa.selenium.remote.ProtocolHandshake createSession
WARNING: Support for Legacy Capabilities is deprecated; You are sending the following invalid capabilities: [build, console, name, network, platform, plugin, version, video, visual]; Please update to W3C Syntax: https://www.selenium.dev/blog/2022/legacy-protocol-support/
]]></system-err>
  </testcase>
  <testcase name="HandlingSliderBar" classname="com.lambda.test.LambdaTest_2" time="44.788">
    <system-out><![CDATA[<+======Ending the Test Method =====>
Closing the browser session
Setting desired Capabilities
Connecting to hub/ Grid
Step 1:Open LambdaTests Selenium Playground form
<---Lambda Test Second Scenario Handling Slider Bar Started ---->
Step 1: click Drag and Drop Sliders under Progress Bars and Sliders.
Step 3: Select the slider Default value 15.
Step 4: drag the bar to make it 95
Step 5: validating whether the range value shows 95.
The slider moved horizontal right at value of :95
Lambda Test Second Scenario Ended
]]></system-out>
    <system-err><![CDATA[Oct 04, 2022 7:18:01 PM org.openqa.selenium.remote.RemoteWebDriver checkNonW3CCapabilities
WARNING: Support for Legacy Capabilities is deprecated; You are sending the following invalid capabilities: [build, console, name, network, platform, plugin, version, video, visual]; Please update to W3C Syntax: https://www.selenium.dev/blog/2022/legacy-protocol-support/
Oct 04, 2022 7:18:08 PM org.openqa.selenium.remote.ProtocolHandshake createSession
INFO: Detected upstream dialect: W3C
Oct 04, 2022 7:18:08 PM org.openqa.selenium.remote.ProtocolHandshake createSession
WARNING: Support for Legacy Capabilities is deprecated; You are sending the following invalid capabilities: [build, console, name, network, platform, plugin, version, video, visual]; Please update to W3C Syntax: https://www.selenium.dev/blog/2022/legacy-protocol-support/
]]></system-err>
  </testcase>
  <testcase name="HandlingSliderBar" classname="com.lambda.test.LambdaTest_2" time="47.99">
    <system-out><![CDATA[<+======Ending the Test Method =====>
Closing the browser session
Setting desired Capabilities
Connecting to hub/ Grid
Step 1:Open LambdaTests Selenium Playground form
<---Lambda Test Second Scenario Handling Slider Bar Started ---->
Step 1: click Drag and Drop Sliders under Progress Bars and Sliders.
Step 3: Select the slider Default value 15.
Step 4: drag the bar to make it 95
Step 5: validating whether the range value shows 95.
The slider moved horizontal right at value of :95
Lambda Test Second Scenario Ended
]]></system-out>
    <system-err><![CDATA[Oct 04, 2022 7:19:43 PM org.openqa.selenium.remote.RemoteWebDriver checkNonW3CCapabilities
WARNING: Support for Legacy Capabilities is deprecated; You are sending the following invalid capabilities: [build, console, name, network, platform, plugin, version, video, visual]; Please update to W3C Syntax: https://www.selenium.dev/blog/2022/legacy-protocol-support/
Oct 04, 2022 7:19:48 PM org.openqa.selenium.remote.ProtocolHandshake createSession
INFO: Detected upstream dialect: W3C
Oct 04, 2022 7:19:48 PM org.openqa.selenium.remote.ProtocolHandshake createSession
WARNING: Support for Legacy Capabilities is deprecated; You are sending the following invalid capabilities: [build, console, name, network, platform, plugin, version, video, visual]; Please update to W3C Syntax: https://www.selenium.dev/blog/2022/legacy-protocol-support/
]]></system-err>
  </testcase>
  <testcase name="FormFilling" classname="com.lambda.test.LambdaTest_3" time="18.134">
    <system-out><![CDATA[<+======Ending the Test Method =====>
Closing the browser session
Setting desired Capabilities
Connecting to hub/ Grid
Step 6: click Submit Button after fill the form
STep 7: validate the success message on screen ---> Thanks for contacting us, will get back to you shortly.
Lambda Test Form filling and Submission Ended
]]></system-out>
    <system-err><![CDATA[Oct 04, 2022 7:12:38 PM org.openqa.selenium.remote.RemoteWebDriver checkNonW3CCapabilities
WARNING: Support for Legacy Capabilities is deprecated; You are sending the following invalid capabilities: [build, console, name, network, platform, plugin, version, video, visual]; Please update to W3C Syntax: https://www.selenium.dev/blog/2022/legacy-protocol-support/
java.lang.ClassCastException: class org.openqa.selenium.remote.RemoteWebElement cannot be cast to class org.openqa.selenium.By (org.openqa.selenium.remote.RemoteWebElement and org.openqa.selenium.By are in unnamed module of loader 'app')
	at com.lambda.test.LambdaTest_3.FormFilling(LambdaTest_3.java:104)
	at java.base/jdk.internal.reflect.NativeMethodAccessorImpl.invoke0(Native Method)
	at java.base/jdk.internal.reflect.NativeMethodAccessorImpl.invoke(NativeMethodAccessorImpl.java:62)
	at java.base/jdk.internal.reflect.DelegatingMethodAccessorImpl.invoke(DelegatingMethodAccessorImpl.java:43)
	at java.base/java.lang.reflect.Method.invoke(Method.java:567)
	at org.testng.internal.MethodInvocationHelper.invokeMethod(MethodInvocationHelper.java:133)
	at org.testng.internal.TestInvoker.invokeMethod(TestInvoker.java:598)
	at org.testng.internal.TestInvoker.invokeTestMethod(TestInvoker.java:173)
	at org.testng.internal.MethodRunner.runInSequence(MethodRunner.java:46)
	at org.testng.internal.TestInvoker$MethodInvocationAgent.invoke(TestInvoker.java:824)
	at org.testng.internal.TestInvoker.invokeTestMethods(TestInvoker.java:146)
	at org.testng.internal.TestMethodWorker.invokeTestMethods(TestMethodWorker.java:146)
	at org.testng.internal.TestMethodWorker.run(TestMethodWorker.java:128)
	at java.base/java.util.ArrayList.forEach(ArrayList.java:1540)
	at org.testng.TestRunner.privateRun(TestRunner.java:794)
	at org.testng.TestRunner.run(TestRunner.java:596)
	at org.testng.SuiteRunner.runTest(SuiteRunner.java:377)
	at org.testng.SuiteRunner.access$000(SuiteRunner.java:28)
	at org.testng.SuiteRunner$SuiteWorker.run(SuiteRunner.java:418)
	at org.testng.internal.thread.ThreadUtil.lambda$execute$0(ThreadUtil.java:64)
	at java.base/java.util.concurrent.FutureTask.run(FutureTask.java:264)
	at java.base/java.util.concurrent.ThreadPoolExecutor.runWorker(ThreadPoolExecutor.java:1128)
	at java.base/java.util.concurrent.ThreadPoolExecutor$Worker.run(ThreadPoolExecutor.java:628)
	at java.base/java.lang.Thread.run(Thread.java:835)
]]></system-err>
  </testcase>
  <testcase name="FormFilling" classname="com.lambda.test.LambdaTest_3" time="2.394">
    <system-out><![CDATA[<+======Ending the Test Method =====>
Closing the browser session
Setting desired Capabilities
Connecting to hub/ Grid
Step 3: Click on Submit without filling in any information in the form.
Step 4: Assert Please fill in the fields error message.
true
Step 5 : Fill in Name, Email, and other fields. locators of all form fields
Step 1:Open LambdaTest’s Selenium Playground from
Step 6: click Submit Button after fill the form
STep 7: validate the success message on screen ---> Thanks for contacting us, will get back to you shortly.
Lambda Test Form filling and Submission Ended
]]></system-out>
    <system-err><![CDATA[Oct 04, 2022 7:13:06 PM org.openqa.selenium.remote.RemoteWebDriver checkNonW3CCapabilities
WARNING: Support for Legacy Capabilities is deprecated; You are sending the following invalid capabilities: [build, console, name, network, platform, plugin, version, video, visual]; Please update to W3C Syntax: https://www.selenium.dev/blog/2022/legacy-protocol-support/
java.lang.ClassCastException: class org.openqa.selenium.remote.RemoteWebElement cannot be cast to class org.openqa.selenium.By (org.openqa.selenium.remote.RemoteWebElement and org.openqa.selenium.By are in unnamed module of loader 'app')
	at com.lambda.test.LambdaTest_3.FormFilling(LambdaTest_3.java:54)
	at java.base/jdk.internal.reflect.NativeMethodAccessorImpl.invoke0(Native Method)
	at java.base/jdk.internal.reflect.NativeMethodAccessorImpl.invoke(NativeMethodAccessorImpl.java:62)
	at java.base/jdk.internal.reflect.DelegatingMethodAccessorImpl.invoke(DelegatingMethodAccessorImpl.java:43)
	at java.base/java.lang.reflect.Method.invoke(Method.java:567)
	at org.testng.internal.MethodInvocationHelper.invokeMethod(MethodInvocationHelper.java:133)
	at org.testng.internal.TestInvoker.invokeMethod(TestInvoker.java:598)
	at org.testng.internal.TestInvoker.invokeTestMethod(TestInvoker.java:173)
	at org.testng.internal.MethodRunner.runInSequence(MethodRunner.java:46)
	at org.testng.internal.TestInvoker$MethodInvocationAgent.invoke(TestInvoker.java:824)
	at org.testng.internal.TestInvoker.invokeTestMethods(TestInvoker.java:146)
	at org.testng.internal.TestMethodWorker.invokeTestMethods(TestMethodWorker.java:146)
	at org.testng.internal.TestMethodWorker.run(TestMethodWorker.java:128)
	at java.base/java.util.ArrayList.forEach(ArrayList.java:1540)
	at org.testng.TestRunner.privateRun(TestRunner.java:794)
	at org.testng.TestRunner.run(TestRunner.java:596)
	at org.testng.SuiteRunner.runTest(SuiteRunner.java:377)
	at org.testng.SuiteRunner.access$000(SuiteRunner.java:28)
	at org.testng.SuiteRunner$SuiteWorker.run(SuiteRunner.java:418)
	at org.testng.internal.thread.ThreadUtil.lambda$execute$0(ThreadUtil.java:64)
	at java.base/java.util.concurrent.FutureTask.run(FutureTask.java:264)
	at java.base/java.util.concurrent.ThreadPoolExecutor.runWorker(ThreadPoolExecutor.java:1128)
	at java.base/java.util.concurrent.ThreadPoolExecutor$Worker.run(ThreadPoolExecutor.java:628)
	at java.base/java.lang.Thread.run(Thread.java:835)
Oct 04, 2022 7:13:15 PM org.openqa.selenium.remote.ProtocolHandshake createSession
INFO: Detected upstream dialect: W3C
Oct 04, 2022 7:13:15 PM org.openqa.selenium.remote.ProtocolHandshake createSession
WARNING: Support for Legacy Capabilities is deprecated; You are sending the following invalid capabilities: [build, console, name, network, platform, plugin, version, video, visual]; Please update to W3C Syntax: https://www.selenium.dev/blog/2022/legacy-protocol-support/
java.lang.ClassCastException: class org.openqa.selenium.remote.RemoteWebElement cannot be cast to class org.openqa.selenium.By (org.openqa.selenium.remote.RemoteWebElement and org.openqa.selenium.By are in unnamed module of loader 'app')
	at com.lambda.test.LambdaTest_3.FormFilling(LambdaTest_3.java:104)
	at java.base/jdk.internal.reflect.NativeMethodAccessorImpl.invoke0(Native Method)
	at java.base/jdk.internal.reflect.NativeMethodAccessorImpl.invoke(NativeMethodAccessorImpl.java:62)
	at java.base/jdk.internal.reflect.DelegatingMethodAccessorImpl.invoke(DelegatingMethodAccessorImpl.java:43)
	at java.base/java.lang.reflect.Method.invoke(Method.java:567)
	at org.testng.internal.MethodInvocationHelper.invokeMethod(MethodInvocationHelper.java:133)
	at org.testng.internal.TestInvoker.invokeMethod(TestInvoker.java:598)
	at org.testng.internal.TestInvoker.invokeTestMethod(TestInvoker.java:173)
	at org.testng.internal.MethodRunner.runInSequence(MethodRunner.java:46)
	at org.testng.internal.TestInvoker$MethodInvocationAgent.invoke(TestInvoker.java:824)
	at org.testng.internal.TestInvoker.invokeTestMethods(TestInvoker.java:146)
	at org.testng.internal.TestMethodWorker.invokeTestMethods(TestMethodWorker.java:146)
	at org.testng.internal.TestMethodWorker.run(TestMethodWorker.java:128)
	at java.base/java.util.ArrayList.forEach(ArrayList.java:1540)
	at org.testng.TestRunner.privateRun(TestRunner.java:794)
	at org.testng.TestRunner.run(TestRunner.java:596)
	at org.testng.SuiteRunner.runTest(SuiteRunner.java:377)
	at org.testng.SuiteRunner.access$000(SuiteRunner.java:28)
	at org.testng.SuiteRunner$SuiteWorker.run(SuiteRunner.java:418)
	at org.testng.internal.thread.ThreadUtil.lambda$execute$0(ThreadUtil.java:64)
	at java.base/java.util.concurrent.FutureTask.run(FutureTask.java:264)
	at java.base/java.util.concurrent.ThreadPoolExecutor.runWorker(ThreadPoolExecutor.java:1128)
	at java.base/java.util.concurrent.ThreadPoolExecutor$Worker.run(ThreadPoolExecutor.java:628)
	at java.base/java.lang.Thread.run(Thread.java:835)
]]></system-err>
  </testcase>
  <testcase name="FormFilling" classname="com.lambda.test.LambdaTest_3" time="19.444">
    <system-out><![CDATA[<+======Ending the Test Method =====>
Closing the browser session
Step 1:Open LambdaTests Selenium Playground form
Setting desired Capabilities
Connecting to hub/ Grid
<---Lambda Test Second Scenario Handling Slider Bar Started ---->
Step 1: click Drag and Drop Sliders under Progress Bars and Sliders.
Step 3: Select the slider Default value 15.
Step 4: drag the bar to make it 95
Step 1:Open LambdaTest’s Selenium Playground from
<-----Third Scenario Form filling started---->
<----Third Scenario Form filling started----->
Step 2 : click on Input Form Submit link under Input Forms.
Step 3: Click on Submit without filling in any information in the form.
Step 4: Assert Please fill in the fields error message.
true
Step 5 : Fill in Name, Email, and other fields. locators of all form fields
Step 6: click Submit Button after fill the form
STep 7: validate the success message on screen ---> Thanks for contacting us, will get back to you shortly.
Lambda Test Form filling and Submission Ended
]]></system-out>
    <system-err><![CDATA[Oct 04, 2022 7:14:33 PM org.openqa.selenium.remote.ProtocolHandshake createSession
INFO: Detected upstream dialect: W3C
Oct 04, 2022 7:14:33 PM org.openqa.selenium.remote.ProtocolHandshake createSession
WARNING: Support for Legacy Capabilities is deprecated; You are sending the following invalid capabilities: [build, console, name, network, platform, plugin, version, video, visual]; Please update to W3C Syntax: https://www.selenium.dev/blog/2022/legacy-protocol-support/
Oct 04, 2022 7:14:35 PM org.openqa.selenium.remote.RemoteWebDriver checkNonW3CCapabilities
WARNING: Support for Legacy Capabilities is deprecated; You are sending the following invalid capabilities: [build, console, name, network, platform, plugin, version, video, visual]; Please update to W3C Syntax: https://www.selenium.dev/blog/2022/legacy-protocol-support/
Oct 04, 2022 7:14:44 PM org.openqa.selenium.remote.ProtocolHandshake createSession
INFO: Detected upstream dialect: W3C
Oct 04, 2022 7:14:44 PM org.openqa.selenium.remote.ProtocolHandshake createSession
WARNING: Support for Legacy Capabilities is deprecated; You are sending the following invalid capabilities: [build, console, name, network, platform, plugin, version, video, visual]; Please update to W3C Syntax: https://www.selenium.dev/blog/2022/legacy-protocol-support/
java.lang.ClassCastException: class org.openqa.selenium.remote.RemoteWebElement cannot be cast to class org.openqa.selenium.By (org.openqa.selenium.remote.RemoteWebElement and org.openqa.selenium.By are in unnamed module of loader 'app')
	at com.lambda.test.LambdaTest_3.FormFilling(LambdaTest_3.java:54)
	at java.base/jdk.internal.reflect.NativeMethodAccessorImpl.invoke0(Native Method)
	at java.base/jdk.internal.reflect.NativeMethodAccessorImpl.invoke(NativeMethodAccessorImpl.java:62)
	at java.base/jdk.internal.reflect.DelegatingMethodAccessorImpl.invoke(DelegatingMethodAccessorImpl.java:43)
	at java.base/java.lang.reflect.Method.invoke(Method.java:567)
	at org.testng.internal.MethodInvocationHelper.invokeMethod(MethodInvocationHelper.java:133)
	at org.testng.internal.TestInvoker.invokeMethod(TestInvoker.java:598)
	at org.testng.internal.TestInvoker.invokeTestMethod(TestInvoker.java:173)
	at org.testng.internal.MethodRunner.runInSequence(MethodRunner.java:46)
	at org.testng.internal.TestInvoker$MethodInvocationAgent.invoke(TestInvoker.java:824)
	at org.testng.internal.TestInvoker.invokeTestMethods(TestInvoker.java:146)
	at org.testng.internal.TestMethodWorker.invokeTestMethods(TestMethodWorker.java:146)
	at org.testng.internal.TestMethodWorker.run(TestMethodWorker.java:128)
	at java.base/java.util.ArrayList.forEach(ArrayList.java:1540)
	at org.testng.TestRunner.privateRun(TestRunner.java:794)
	at org.testng.TestRunner.run(TestRunner.java:596)
	at org.testng.SuiteRunner.runTest(SuiteRunner.java:377)
	at org.testng.SuiteRunner.access$000(SuiteRunner.java:28)
	at org.testng.SuiteRunner$SuiteWorker.run(SuiteRunner.java:418)
	at org.testng.internal.thread.ThreadUtil.lambda$execute$0(ThreadUtil.java:64)
	at java.base/java.util.concurrent.FutureTask.run(FutureTask.java:264)
	at java.base/java.util.concurrent.ThreadPoolExecutor.runWorker(ThreadPoolExecutor.java:1128)
	at java.base/java.util.concurrent.ThreadPoolExecutor$Worker.run(ThreadPoolExecutor.java:628)
	at java.base/java.lang.Thread.run(Thread.java:835)
java.lang.ClassCastException: class org.openqa.selenium.remote.RemoteWebElement cannot be cast to class org.openqa.selenium.By (org.openqa.selenium.remote.RemoteWebElement and org.openqa.selenium.By are in unnamed module of loader 'app')
	at com.lambda.test.LambdaTest_3.FormFilling(LambdaTest_3.java:104)
	at java.base/jdk.internal.reflect.NativeMethodAccessorImpl.invoke0(Native Method)
	at java.base/jdk.internal.reflect.NativeMethodAccessorImpl.invoke(NativeMethodAccessorImpl.java:62)
	at java.base/jdk.internal.reflect.DelegatingMethodAccessorImpl.invoke(DelegatingMethodAccessorImpl.java:43)
	at java.base/java.lang.reflect.Method.invoke(Method.java:567)
	at org.testng.internal.MethodInvocationHelper.invokeMethod(MethodInvocationHelper.java:133)
	at org.testng.internal.TestInvoker.invokeMethod(TestInvoker.java:598)
	at org.testng.internal.TestInvoker.invokeTestMethod(TestInvoker.java:173)
	at org.testng.internal.MethodRunner.runInSequence(MethodRunner.java:46)
	at org.testng.internal.TestInvoker$MethodInvocationAgent.invoke(TestInvoker.java:824)
	at org.testng.internal.TestInvoker.invokeTestMethods(TestInvoker.java:146)
	at org.testng.internal.TestMethodWorker.invokeTestMethods(TestMethodWorker.java:146)
	at org.testng.internal.TestMethodWorker.run(TestMethodWorker.java:128)
	at java.base/java.util.ArrayList.forEach(ArrayList.java:1540)
	at org.testng.TestRunner.privateRun(TestRunner.java:794)
	at org.testng.TestRunner.run(TestRunner.java:596)
	at org.testng.SuiteRunner.runTest(SuiteRunner.java:377)
	at org.testng.SuiteRunner.access$000(SuiteRunner.java:28)
	at org.testng.SuiteRunner$SuiteWorker.run(SuiteRunner.java:418)
	at org.testng.internal.thread.ThreadUtil.lambda$execute$0(ThreadUtil.java:64)
	at java.base/java.util.concurrent.FutureTask.run(FutureTask.java:264)
	at java.base/java.util.concurrent.ThreadPoolExecutor.runWorker(ThreadPoolExecutor.java:1128)
	at java.base/java.util.concurrent.ThreadPoolExecutor$Worker.run(ThreadPoolExecutor.java:628)
	at java.base/java.lang.Thread.run(Thread.java:835)
]]></system-err>
  </testcase>
  <testcase name="FormFilling" classname="com.lambda.test.LambdaTest_3" time="15.899">
    <system-out><![CDATA[<+======Ending the Test Method =====>
Closing the browser session
Step 1:Open LambdaTest’s Selenium Playground from
<-----Third Scenario Form filling started---->
<----Third Scenario Form filling started----->
Step 2 : click on Input Form Submit link under Input Forms.
Step 3: Click on Submit without filling in any information in the form.
Step 4: Assert Please fill in the fields error message.
true
Step 5 : Fill in Name, Email, and other fields. locators of all form fields
Step 6: click Submit Button after fill the form
STep 7: validate the success message on screen ---> Thanks for contacting us, will get back to you shortly.
Lambda Test Form filling and Submission Ended
]]></system-out>
    <system-err><![CDATA[Oct 04, 2022 7:15:12 PM org.openqa.selenium.remote.ProtocolHandshake createSession
INFO: Detected upstream dialect: W3C
Oct 04, 2022 7:15:12 PM org.openqa.selenium.remote.ProtocolHandshake createSession
WARNING: Support for Legacy Capabilities is deprecated; You are sending the following invalid capabilities: [build, console, name, network, platform, plugin, version, video, visual]; Please update to W3C Syntax: https://www.selenium.dev/blog/2022/legacy-protocol-support/
java.lang.ClassCastException: class org.openqa.selenium.remote.RemoteWebElement cannot be cast to class org.openqa.selenium.By (org.openqa.selenium.remote.RemoteWebElement and org.openqa.selenium.By are in unnamed module of loader 'app')
	at com.lambda.test.LambdaTest_3.FormFilling(LambdaTest_3.java:54)
	at java.base/jdk.internal.reflect.NativeMethodAccessorImpl.invoke0(Native Method)
	at java.base/jdk.internal.reflect.NativeMethodAccessorImpl.invoke(NativeMethodAccessorImpl.java:62)
	at java.base/jdk.internal.reflect.DelegatingMethodAccessorImpl.invoke(DelegatingMethodAccessorImpl.java:43)
	at java.base/java.lang.reflect.Method.invoke(Method.java:567)
	at org.testng.internal.MethodInvocationHelper.invokeMethod(MethodInvocationHelper.java:133)
	at org.testng.internal.TestInvoker.invokeMethod(TestInvoker.java:598)
	at org.testng.internal.TestInvoker.invokeTestMethod(TestInvoker.java:173)
	at org.testng.internal.MethodRunner.runInSequence(MethodRunner.java:46)
	at org.testng.internal.TestInvoker$MethodInvocationAgent.invoke(TestInvoker.java:824)
	at org.testng.internal.TestInvoker.invokeTestMethods(TestInvoker.java:146)
	at org.testng.internal.TestMethodWorker.invokeTestMethods(TestMethodWorker.java:146)
	at org.testng.internal.TestMethodWorker.run(TestMethodWorker.java:128)
	at java.base/java.util.ArrayList.forEach(ArrayList.java:1540)
	at org.testng.TestRunner.privateRun(TestRunner.java:794)
	at org.testng.TestRunner.run(TestRunner.java:596)
	at org.testng.SuiteRunner.runTest(SuiteRunner.java:377)
	at org.testng.SuiteRunner.runSequentially(SuiteRunner.java:371)
	at org.testng.SuiteRunner.privateRun(SuiteRunner.java:332)
	at org.testng.SuiteRunner.run(SuiteRunner.java:276)
	at org.testng.SuiteRunnerWorker.runSuite(SuiteRunnerWorker.java:53)
	at org.testng.SuiteRunnerWorker.run(SuiteRunnerWorker.java:96)
	at java.base/java.util.concurrent.ThreadPoolExecutor.runWorker(ThreadPoolExecutor.java:1128)
	at java.base/java.util.concurrent.ThreadPoolExecutor$Worker.run(ThreadPoolExecutor.java:628)
	at java.base/java.lang.Thread.run(Thread.java:835)
java.lang.ClassCastException: class org.openqa.selenium.remote.RemoteWebElement cannot be cast to class org.openqa.selenium.By (org.openqa.selenium.remote.RemoteWebElement and org.openqa.selenium.By are in unnamed module of loader 'app')
	at com.lambda.test.LambdaTest_3.FormFilling(LambdaTest_3.java:104)
	at java.base/jdk.internal.reflect.NativeMethodAccessorImpl.invoke0(Native Method)
	at java.base/jdk.internal.reflect.NativeMethodAccessorImpl.invoke(NativeMethodAccessorImpl.java:62)
	at java.base/jdk.internal.reflect.DelegatingMethodAccessorImpl.invoke(DelegatingMethodAccessorImpl.java:43)
	at java.base/java.lang.reflect.Method.invoke(Method.java:567)
	at org.testng.internal.MethodInvocationHelper.invokeMethod(MethodInvocationHelper.java:133)
	at org.testng.internal.TestInvoker.invokeMethod(TestInvoker.java:598)
	at org.testng.internal.TestInvoker.invokeTestMethod(TestInvoker.java:173)
	at org.testng.internal.MethodRunner.runInSequence(MethodRunner.java:46)
	at org.testng.internal.TestInvoker$MethodInvocationAgent.invoke(TestInvoker.java:824)
	at org.testng.internal.TestInvoker.invokeTestMethods(TestInvoker.java:146)
	at org.testng.internal.TestMethodWorker.invokeTestMethods(TestMethodWorker.java:146)
	at org.testng.internal.TestMethodWorker.run(TestMethodWorker.java:128)
	at java.base/java.util.ArrayList.forEach(ArrayList.java:1540)
	at org.testng.TestRunner.privateRun(TestRunner.java:794)
	at org.testng.TestRunner.run(TestRunner.java:596)
	at org.testng.SuiteRunner.runTest(SuiteRunner.java:377)
	at org.testng.SuiteRunner.runSequentially(SuiteRunner.java:371)
	at org.testng.SuiteRunner.privateRun(SuiteRunner.java:332)
	at org.testng.SuiteRunner.run(SuiteRunner.java:276)
	at org.testng.SuiteRunnerWorker.runSuite(SuiteRunnerWorker.java:53)
	at org.testng.SuiteRunnerWorker.run(SuiteRunnerWorker.java:96)
	at java.base/java.util.concurrent.ThreadPoolExecutor.runWorker(ThreadPoolExecutor.java:1128)
	at java.base/java.util.concurrent.ThreadPoolExecutor$Worker.run(ThreadPoolExecutor.java:628)
	at java.base/java.lang.Thread.run(Thread.java:835)
]]></system-err>
  </testcase>
  <testcase name="FormFilling" classname="com.lambda.test.LambdaTest_3" time="24.539">
    <system-out><![CDATA[<+======Ending the Test Method =====>
Closing the browser session
Setting desired Capabilities
Connecting to hub/ Grid
Step 6: click Submit Button after fill the form
STep 7: validate the success message on screen ---> Thanks for contacting us, will get back to you shortly.
Lambda Test Form filling and Submission Ended
]]></system-out>
    <system-err><![CDATA[Oct 04, 2022 7:16:00 PM org.openqa.selenium.remote.RemoteWebDriver checkNonW3CCapabilities
WARNING: Support for Legacy Capabilities is deprecated; You are sending the following invalid capabilities: [build, console, name, network, platform, plugin, version, video, visual]; Please update to W3C Syntax: https://www.selenium.dev/blog/2022/legacy-protocol-support/
java.lang.ClassCastException: class org.openqa.selenium.remote.RemoteWebElement cannot be cast to class org.openqa.selenium.By (org.openqa.selenium.remote.RemoteWebElement and org.openqa.selenium.By are in unnamed module of loader 'app')
	at com.lambda.test.LambdaTest_3.FormFilling(LambdaTest_3.java:104)
	at java.base/jdk.internal.reflect.NativeMethodAccessorImpl.invoke0(Native Method)
	at java.base/jdk.internal.reflect.NativeMethodAccessorImpl.invoke(NativeMethodAccessorImpl.java:62)
	at java.base/jdk.internal.reflect.DelegatingMethodAccessorImpl.invoke(DelegatingMethodAccessorImpl.java:43)
	at java.base/java.lang.reflect.Method.invoke(Method.java:567)
	at org.testng.internal.MethodInvocationHelper.invokeMethod(MethodInvocationHelper.java:133)
	at org.testng.internal.TestInvoker.invokeMethod(TestInvoker.java:598)
	at org.testng.internal.TestInvoker.invokeTestMethod(TestInvoker.java:173)
	at org.testng.internal.MethodRunner.runInSequence(MethodRunner.java:46)
	at org.testng.internal.TestInvoker$MethodInvocationAgent.invoke(TestInvoker.java:824)
	at org.testng.internal.TestInvoker.invokeTestMethods(TestInvoker.java:146)
	at org.testng.internal.TestMethodWorker.invokeTestMethods(TestMethodWorker.java:146)
	at org.testng.internal.TestMethodWorker.run(TestMethodWorker.java:128)
	at java.base/java.util.ArrayList.forEach(ArrayList.java:1540)
	at org.testng.TestRunner.privateRun(TestRunner.java:794)
	at org.testng.TestRunner.run(TestRunner.java:596)
	at org.testng.SuiteRunner.runTest(SuiteRunner.java:377)
	at org.testng.SuiteRunner.access$000(SuiteRunner.java:28)
	at org.testng.SuiteRunner$SuiteWorker.run(SuiteRunner.java:418)
	at org.testng.internal.thread.ThreadUtil.lambda$execute$0(ThreadUtil.java:64)
	at java.base/java.util.concurrent.FutureTask.run(FutureTask.java:264)
	at java.base/java.util.concurrent.ThreadPoolExecutor.runWorker(ThreadPoolExecutor.java:1128)
	at java.base/java.util.concurrent.ThreadPoolExecutor$Worker.run(ThreadPoolExecutor.java:628)
	at java.base/java.lang.Thread.run(Thread.java:835)
]]></system-err>
  </testcase>
  <testcase name="FormFilling" classname="com.lambda.test.LambdaTest_3" time="20.537">
    <system-out><![CDATA[<+======Ending the Test Method =====>
Closing the browser session
Setting desired Capabilities
Connecting to hub/ Grid
Step 1:Open LambdaTest’s Selenium Playground from
<-----Third Scenario Form filling started---->
<----Third Scenario Form filling started----->
Step 2 : click on Input Form Submit link under Input Forms.
Step 3: Click on Submit without filling in any information in the form.
Step 4: Assert Please fill in the fields error message.
true
Step 5 : Fill in Name, Email, and other fields. locators of all form fields
Step 6: click Submit Button after fill the form
STep 7: validate the success message on screen ---> Thanks for contacting us, will get back to you shortly.
Lambda Test Form filling and Submission Ended
]]></system-out>
    <system-err><![CDATA[Oct 04, 2022 7:17:08 PM org.openqa.selenium.remote.RemoteWebDriver checkNonW3CCapabilities
WARNING: Support for Legacy Capabilities is deprecated; You are sending the following invalid capabilities: [build, console, name, network, platform, plugin, version, video, visual]; Please update to W3C Syntax: https://www.selenium.dev/blog/2022/legacy-protocol-support/
Oct 04, 2022 7:17:14 PM org.openqa.selenium.remote.ProtocolHandshake createSession
INFO: Detected upstream dialect: W3C
Oct 04, 2022 7:17:14 PM org.openqa.selenium.remote.ProtocolHandshake createSession
WARNING: Support for Legacy Capabilities is deprecated; You are sending the following invalid capabilities: [build, console, name, network, platform, plugin, version, video, visual]; Please update to W3C Syntax: https://www.selenium.dev/blog/2022/legacy-protocol-support/
java.lang.ClassCastException: class org.openqa.selenium.remote.RemoteWebElement cannot be cast to class org.openqa.selenium.By (org.openqa.selenium.remote.RemoteWebElement and org.openqa.selenium.By are in unnamed module of loader 'app')
	at com.lambda.test.LambdaTest_3.FormFilling(LambdaTest_3.java:54)
	at java.base/jdk.internal.reflect.NativeMethodAccessorImpl.invoke0(Native Method)
	at java.base/jdk.internal.reflect.NativeMethodAccessorImpl.invoke(NativeMethodAccessorImpl.java:62)
	at java.base/jdk.internal.reflect.DelegatingMethodAccessorImpl.invoke(DelegatingMethodAccessorImpl.java:43)
	at java.base/java.lang.reflect.Method.invoke(Method.java:567)
	at org.testng.internal.MethodInvocationHelper.invokeMethod(MethodInvocationHelper.java:133)
	at org.testng.internal.TestInvoker.invokeMethod(TestInvoker.java:598)
	at org.testng.internal.TestInvoker.invokeTestMethod(TestInvoker.java:173)
	at org.testng.internal.MethodRunner.runInSequence(MethodRunner.java:46)
	at org.testng.internal.TestInvoker$MethodInvocationAgent.invoke(TestInvoker.java:824)
	at org.testng.internal.TestInvoker.invokeTestMethods(TestInvoker.java:146)
	at org.testng.internal.TestMethodWorker.invokeTestMethods(TestMethodWorker.java:146)
	at org.testng.internal.TestMethodWorker.run(TestMethodWorker.java:128)
	at java.base/java.util.ArrayList.forEach(ArrayList.java:1540)
	at org.testng.TestRunner.privateRun(TestRunner.java:794)
	at org.testng.TestRunner.run(TestRunner.java:596)
	at org.testng.SuiteRunner.runTest(SuiteRunner.java:377)
	at org.testng.SuiteRunner.runSequentially(SuiteRunner.java:371)
	at org.testng.SuiteRunner.privateRun(SuiteRunner.java:332)
	at org.testng.SuiteRunner.run(SuiteRunner.java:276)
	at org.testng.SuiteRunnerWorker.runSuite(SuiteRunnerWorker.java:53)
	at org.testng.SuiteRunnerWorker.run(SuiteRunnerWorker.java:96)
	at java.base/java.util.concurrent.ThreadPoolExecutor.runWorker(ThreadPoolExecutor.java:1128)
	at java.base/java.util.concurrent.ThreadPoolExecutor$Worker.run(ThreadPoolExecutor.java:628)
	at java.base/java.lang.Thread.run(Thread.java:835)
java.lang.ClassCastException: class org.openqa.selenium.remote.RemoteWebElement cannot be cast to class org.openqa.selenium.By (org.openqa.selenium.remote.RemoteWebElement and org.openqa.selenium.By are in unnamed module of loader 'app')
	at com.lambda.test.LambdaTest_3.FormFilling(LambdaTest_3.java:104)
	at java.base/jdk.internal.reflect.NativeMethodAccessorImpl.invoke0(Native Method)
	at java.base/jdk.internal.reflect.NativeMethodAccessorImpl.invoke(NativeMethodAccessorImpl.java:62)
	at java.base/jdk.internal.reflect.DelegatingMethodAccessorImpl.invoke(DelegatingMethodAccessorImpl.java:43)
	at java.base/java.lang.reflect.Method.invoke(Method.java:567)
	at org.testng.internal.MethodInvocationHelper.invokeMethod(MethodInvocationHelper.java:133)
	at org.testng.internal.TestInvoker.invokeMethod(TestInvoker.java:598)
	at org.testng.internal.TestInvoker.invokeTestMethod(TestInvoker.java:173)
	at org.testng.internal.MethodRunner.runInSequence(MethodRunner.java:46)
	at org.testng.internal.TestInvoker$MethodInvocationAgent.invoke(TestInvoker.java:824)
	at org.testng.internal.TestInvoker.invokeTestMethods(TestInvoker.java:146)
	at org.testng.internal.TestMethodWorker.invokeTestMethods(TestMethodWorker.java:146)
	at org.testng.internal.TestMethodWorker.run(TestMethodWorker.java:128)
	at java.base/java.util.ArrayList.forEach(ArrayList.java:1540)
	at org.testng.TestRunner.privateRun(TestRunner.java:794)
	at org.testng.TestRunner.run(TestRunner.java:596)
	at org.testng.SuiteRunner.runTest(SuiteRunner.java:377)
	at org.testng.SuiteRunner.runSequentially(SuiteRunner.java:371)
	at org.testng.SuiteRunner.privateRun(SuiteRunner.java:332)
	at org.testng.SuiteRunner.run(SuiteRunner.java:276)
	at org.testng.SuiteRunnerWorker.runSuite(SuiteRunnerWorker.java:53)
	at org.testng.SuiteRunnerWorker.run(SuiteRunnerWorker.java:96)
	at java.base/java.util.concurrent.ThreadPoolExecutor.runWorker(ThreadPoolExecutor.java:1128)
	at java.base/java.util.concurrent.ThreadPoolExecutor$Worker.run(ThreadPoolExecutor.java:628)
	at java.base/java.lang.Thread.run(Thread.java:835)
]]></system-err>
  </testcase>
  <testcase name="FormFilling" classname="com.lambda.test.LambdaTest_3" time="18.794">
    <system-out><![CDATA[<+======Ending the Test Method =====>
Closing the browser session
Setting desired Capabilities
Connecting to hub/ Grid
Step 1:Open LambdaTest’s Selenium Playground from
<-----Third Scenario Form filling started---->
<----Third Scenario Form filling started----->
Step 2 : click on Input Form Submit link under Input Forms.
Step 3: Click on Submit without filling in any information in the form.
Step 4: Assert Please fill in the fields error message.
true
Step 5 : Fill in Name, Email, and other fields. locators of all form fields
Step 6: click Submit Button after fill the form
STep 7: validate the success message on screen ---> Thanks for contacting us, will get back to you shortly.
Lambda Test Form filling and Submission Ended
]]></system-out>
    <system-err><![CDATA[Oct 04, 2022 7:18:55 PM org.openqa.selenium.remote.RemoteWebDriver checkNonW3CCapabilities
WARNING: Support for Legacy Capabilities is deprecated; You are sending the following invalid capabilities: [build, console, name, network, platform, plugin, version, video, visual]; Please update to W3C Syntax: https://www.selenium.dev/blog/2022/legacy-protocol-support/
Oct 04, 2022 7:19:02 PM org.openqa.selenium.remote.ProtocolHandshake createSession
INFO: Detected upstream dialect: W3C
Oct 04, 2022 7:19:02 PM org.openqa.selenium.remote.ProtocolHandshake createSession
WARNING: Support for Legacy Capabilities is deprecated; You are sending the following invalid capabilities: [build, console, name, network, platform, plugin, version, video, visual]; Please update to W3C Syntax: https://www.selenium.dev/blog/2022/legacy-protocol-support/
java.lang.ClassCastException: class org.openqa.selenium.remote.RemoteWebElement cannot be cast to class org.openqa.selenium.By (org.openqa.selenium.remote.RemoteWebElement and org.openqa.selenium.By are in unnamed module of loader 'app')
	at com.lambda.test.LambdaTest_3.FormFilling(LambdaTest_3.java:54)
	at java.base/jdk.internal.reflect.NativeMethodAccessorImpl.invoke0(Native Method)
	at java.base/jdk.internal.reflect.NativeMethodAccessorImpl.invoke(NativeMethodAccessorImpl.java:62)
	at java.base/jdk.internal.reflect.DelegatingMethodAccessorImpl.invoke(DelegatingMethodAccessorImpl.java:43)
	at java.base/java.lang.reflect.Method.invoke(Method.java:567)
	at org.testng.internal.MethodInvocationHelper.invokeMethod(MethodInvocationHelper.java:133)
	at org.testng.internal.TestInvoker.invokeMethod(TestInvoker.java:598)
	at org.testng.internal.TestInvoker.invokeTestMethod(TestInvoker.java:173)
	at org.testng.internal.MethodRunner.runInSequence(MethodRunner.java:46)
	at org.testng.internal.TestInvoker$MethodInvocationAgent.invoke(TestInvoker.java:824)
	at org.testng.internal.TestInvoker.invokeTestMethods(TestInvoker.java:146)
	at org.testng.internal.TestMethodWorker.invokeTestMethods(TestMethodWorker.java:146)
	at org.testng.internal.TestMethodWorker.run(TestMethodWorker.java:128)
	at java.base/java.util.ArrayList.forEach(ArrayList.java:1540)
	at org.testng.TestRunner.privateRun(TestRunner.java:794)
	at org.testng.TestRunner.run(TestRunner.java:596)
	at org.testng.SuiteRunner.runTest(SuiteRunner.java:377)
	at org.testng.SuiteRunner.runSequentially(SuiteRunner.java:371)
	at org.testng.SuiteRunner.privateRun(SuiteRunner.java:332)
	at org.testng.SuiteRunner.run(SuiteRunner.java:276)
	at org.testng.SuiteRunnerWorker.runSuite(SuiteRunnerWorker.java:53)
	at org.testng.SuiteRunnerWorker.run(SuiteRunnerWorker.java:96)
	at java.base/java.util.concurrent.ThreadPoolExecutor.runWorker(ThreadPoolExecutor.java:1128)
	at java.base/java.util.concurrent.ThreadPoolExecutor$Worker.run(ThreadPoolExecutor.java:628)
	at java.base/java.lang.Thread.run(Thread.java:835)
java.lang.ClassCastException: class org.openqa.selenium.remote.RemoteWebElement cannot be cast to class org.openqa.selenium.By (org.openqa.selenium.remote.RemoteWebElement and org.openqa.selenium.By are in unnamed module of loader 'app')
	at com.lambda.test.LambdaTest_3.FormFilling(LambdaTest_3.java:104)
	at java.base/jdk.internal.reflect.NativeMethodAccessorImpl.invoke0(Native Method)
	at java.base/jdk.internal.reflect.NativeMethodAccessorImpl.invoke(NativeMethodAccessorImpl.java:62)
	at java.base/jdk.internal.reflect.DelegatingMethodAccessorImpl.invoke(DelegatingMethodAccessorImpl.java:43)
	at java.base/java.lang.reflect.Method.invoke(Method.java:567)
	at org.testng.internal.MethodInvocationHelper.invokeMethod(MethodInvocationHelper.java:133)
	at org.testng.internal.TestInvoker.invokeMethod(TestInvoker.java:598)
	at org.testng.internal.TestInvoker.invokeTestMethod(TestInvoker.java:173)
	at org.testng.internal.MethodRunner.runInSequence(MethodRunner.java:46)
	at org.testng.internal.TestInvoker$MethodInvocationAgent.invoke(TestInvoker.java:824)
	at org.testng.internal.TestInvoker.invokeTestMethods(TestInvoker.java:146)
	at org.testng.internal.TestMethodWorker.invokeTestMethods(TestMethodWorker.java:146)
	at org.testng.internal.TestMethodWorker.run(TestMethodWorker.java:128)
	at java.base/java.util.ArrayList.forEach(ArrayList.java:1540)
	at org.testng.TestRunner.privateRun(TestRunner.java:794)
	at org.testng.TestRunner.run(TestRunner.java:596)
	at org.testng.SuiteRunner.runTest(SuiteRunner.java:377)
	at org.testng.SuiteRunner.runSequentially(SuiteRunner.java:371)
	at org.testng.SuiteRunner.privateRun(SuiteRunner.java:332)
	at org.testng.SuiteRunner.run(SuiteRunner.java:276)
	at org.testng.SuiteRunnerWorker.runSuite(SuiteRunnerWorker.java:53)
	at org.testng.SuiteRunnerWorker.run(SuiteRunnerWorker.java:96)
	at java.base/java.util.concurrent.ThreadPoolExecutor.runWorker(ThreadPoolExecutor.java:1128)
	at java.base/java.util.concurrent.ThreadPoolExecutor$Worker.run(ThreadPoolExecutor.java:628)
	at java.base/java.lang.Thread.run(Thread.java:835)
]]></system-err>
  </testcase>
  <testcase name="FormFilling" classname="com.lambda.test.LambdaTest_3" time="16.409">
    <system-out><![CDATA[<+======Ending the Test Method =====>
Closing the browser session
Setting desired Capabilities
Connecting to hub/ Grid
Step 1:Open LambdaTest’s Selenium Playground from
<-----Third Scenario Form filling started---->
<----Third Scenario Form filling started----->
Step 2 : click on Input Form Submit link under Input Forms.
Step 3: Click on Submit without filling in any information in the form.
Step 4: Assert Please fill in the fields error message.
true
Step 5 : Fill in Name, Email, and other fields. locators of all form fields
Step 6: click Submit Button after fill the form
STep 7: validate the success message on screen ---> Thanks for contacting us, will get back to you shortly.
Lambda Test Form filling and Submission Ended
]]></system-out>
    <system-err><![CDATA[Oct 04, 2022 7:20:38 PM org.openqa.selenium.remote.RemoteWebDriver checkNonW3CCapabilities
WARNING: Support for Legacy Capabilities is deprecated; You are sending the following invalid capabilities: [build, console, name, network, platform, plugin, version, video, visual]; Please update to W3C Syntax: https://www.selenium.dev/blog/2022/legacy-protocol-support/
Oct 04, 2022 7:20:43 PM org.openqa.selenium.remote.ProtocolHandshake createSession
INFO: Detected upstream dialect: W3C
Oct 04, 2022 7:20:43 PM org.openqa.selenium.remote.ProtocolHandshake createSession
WARNING: Support for Legacy Capabilities is deprecated; You are sending the following invalid capabilities: [build, console, name, network, platform, plugin, version, video, visual]; Please update to W3C Syntax: https://www.selenium.dev/blog/2022/legacy-protocol-support/
java.lang.ClassCastException: class org.openqa.selenium.remote.RemoteWebElement cannot be cast to class org.openqa.selenium.By (org.openqa.selenium.remote.RemoteWebElement and org.openqa.selenium.By are in unnamed module of loader 'app')
	at com.lambda.test.LambdaTest_3.FormFilling(LambdaTest_3.java:54)
	at java.base/jdk.internal.reflect.NativeMethodAccessorImpl.invoke0(Native Method)
	at java.base/jdk.internal.reflect.NativeMethodAccessorImpl.invoke(NativeMethodAccessorImpl.java:62)
	at java.base/jdk.internal.reflect.DelegatingMethodAccessorImpl.invoke(DelegatingMethodAccessorImpl.java:43)
	at java.base/java.lang.reflect.Method.invoke(Method.java:567)
	at org.testng.internal.MethodInvocationHelper.invokeMethod(MethodInvocationHelper.java:133)
	at org.testng.internal.TestInvoker.invokeMethod(TestInvoker.java:598)
	at org.testng.internal.TestInvoker.invokeTestMethod(TestInvoker.java:173)
	at org.testng.internal.MethodRunner.runInSequence(MethodRunner.java:46)
	at org.testng.internal.TestInvoker$MethodInvocationAgent.invoke(TestInvoker.java:824)
	at org.testng.internal.TestInvoker.invokeTestMethods(TestInvoker.java:146)
	at org.testng.internal.TestMethodWorker.invokeTestMethods(TestMethodWorker.java:146)
	at org.testng.internal.TestMethodWorker.run(TestMethodWorker.java:128)
	at java.base/java.util.ArrayList.forEach(ArrayList.java:1540)
	at org.testng.TestRunner.privateRun(TestRunner.java:794)
	at org.testng.TestRunner.run(TestRunner.java:596)
	at org.testng.SuiteRunner.runTest(SuiteRunner.java:377)
	at org.testng.SuiteRunner.runSequentially(SuiteRunner.java:371)
	at org.testng.SuiteRunner.privateRun(SuiteRunner.java:332)
	at org.testng.SuiteRunner.run(SuiteRunner.java:276)
	at org.testng.SuiteRunnerWorker.runSuite(SuiteRunnerWorker.java:53)
	at org.testng.SuiteRunnerWorker.run(SuiteRunnerWorker.java:96)
	at java.base/java.util.concurrent.ThreadPoolExecutor.runWorker(ThreadPoolExecutor.java:1128)
	at java.base/java.util.concurrent.ThreadPoolExecutor$Worker.run(ThreadPoolExecutor.java:628)
	at java.base/java.lang.Thread.run(Thread.java:835)
java.lang.ClassCastException: class org.openqa.selenium.remote.RemoteWebElement cannot be cast to class org.openqa.selenium.By (org.openqa.selenium.remote.RemoteWebElement and org.openqa.selenium.By are in unnamed module of loader 'app')
	at com.lambda.test.LambdaTest_3.FormFilling(LambdaTest_3.java:104)
	at java.base/jdk.internal.reflect.NativeMethodAccessorImpl.invoke0(Native Method)
	at java.base/jdk.internal.reflect.NativeMethodAccessorImpl.invoke(NativeMethodAccessorImpl.java:62)
	at java.base/jdk.internal.reflect.DelegatingMethodAccessorImpl.invoke(DelegatingMethodAccessorImpl.java:43)
	at java.base/java.lang.reflect.Method.invoke(Method.java:567)
	at org.testng.internal.MethodInvocationHelper.invokeMethod(MethodInvocationHelper.java:133)
	at org.testng.internal.TestInvoker.invokeMethod(TestInvoker.java:598)
	at org.testng.internal.TestInvoker.invokeTestMethod(TestInvoker.java:173)
	at org.testng.internal.MethodRunner.runInSequence(MethodRunner.java:46)
	at org.testng.internal.TestInvoker$MethodInvocationAgent.invoke(TestInvoker.java:824)
	at org.testng.internal.TestInvoker.invokeTestMethods(TestInvoker.java:146)
	at org.testng.internal.TestMethodWorker.invokeTestMethods(TestMethodWorker.java:146)
	at org.testng.internal.TestMethodWorker.run(TestMethodWorker.java:128)
	at java.base/java.util.ArrayList.forEach(ArrayList.java:1540)
	at org.testng.TestRunner.privateRun(TestRunner.java:794)
	at org.testng.TestRunner.run(TestRunner.java:596)
	at org.testng.SuiteRunner.runTest(SuiteRunner.java:377)
	at org.testng.SuiteRunner.runSequentially(SuiteRunner.java:371)
	at org.testng.SuiteRunner.privateRun(SuiteRunner.java:332)
	at org.testng.SuiteRunner.run(SuiteRunner.java:276)
	at org.testng.SuiteRunnerWorker.runSuite(SuiteRunnerWorker.java:53)
	at org.testng.SuiteRunnerWorker.run(SuiteRunnerWorker.java:96)
	at java.base/java.util.concurrent.ThreadPoolExecutor.runWorker(ThreadPoolExecutor.java:1128)
	at java.base/java.util.concurrent.ThreadPoolExecutor$Worker.run(ThreadPoolExecutor.java:628)
	at java.base/java.lang.Thread.run(Thread.java:835)
]]></system-err>
  </testcase>
</testsuite>