<?xml version="1.0" encoding="UTF-8"?>
<!-- Generated by org.testng.reporters.JUnitReportReporter -->
<testsuite hostname="DESKTOP-FI8UJG3" failures="0" tests="4" name="com.lambda.test.LambdaTest_6" time="0.000" errors="0" timestamp="2022-10-04T18:59:34 IST" skipped="4">
  <testcase classname="com.lambda.test.LambdaTest_6" name="FormFilling" time="0.000">
    <skipped/>
  </testcase> <!-- FormFilling -->
  <system-out/>
  <testcase classname="com.lambda.test.LambdaTest_6" name="FormFilling" time="0.000">
    <skipped/>
  </testcase> <!-- FormFilling -->
  <system-out/>
  <testcase classname="com.lambda.test.LambdaTest_6" name="FormFilling" time="0.000">
    <skipped/>
  </testcase> <!-- FormFilling -->
  <system-out/>
  <testcase classname="com.lambda.test.LambdaTest_6" name="FormFilling" time="0.000">
    <skipped/>
  </testcase> <!-- FormFilling -->
  <system-out/>
</testsuite> <!-- com.lambda.test.LambdaTest_6 -->
