<?xml version="1.0" encoding="UTF-8"?>
<!-- Generated by org.testng.reporters.JUnitReportReporter -->
<testsuite hostname="DESKTOP-FI8UJG3" failures="0" tests="4" name="com.lambda.test.LambdaTest_2" time="223.789" errors="0" timestamp="2022-10-04T17:10:20 IST" skipped="0">
  <testcase classname="com.lambda.test.LambdaTest_2" name="HandlingSliderBar" time="51.774"/>
  <system-out/>
  <testcase classname="com.lambda.test.LambdaTest_2" name="HandlingSliderBar" time="65.794"/>
  <system-out/>
  <testcase classname="com.lambda.test.LambdaTest_2" name="HandlingSliderBar" time="55.085"/>
  <system-out/>
  <testcase classname="com.lambda.test.LambdaTest_2" name="HandlingSliderBar" time="51.136"/>
  <system-out/>
</testsuite> <!-- com.lambda.test.LambdaTest_2 -->
