<?xml version="1.0" encoding="UTF-8"?>
<!-- Generated by org.testng.reporters.JUnitReportReporter -->
<testsuite hostname="DESKTOP-FI8UJG3" failures="0" tests="1" name="com.lambda.test.LambdaTest_1" time="22.569" errors="0" timestamp="2022-10-04T18:43:35 IST" skipped="0">
  <testcase classname="com.lambda.test.LambdaTest_1" name="EnterAndValidateMessage" time="22.569"/>
  <system-out/>
</testsuite> <!-- com.lambda.test.LambdaTest_1 -->
