<?xml version="1.0" encoding="UTF-8"?>
<!-- Generated by org.testng.reporters.JUnitReportReporter -->
<testsuite hostname="DESKTOP-FI8UJG3" failures="0" tests="4" name="com.lambda.test.LambdaTest_3" time="107.186" errors="0" timestamp="2022-10-04T17:10:20 IST" skipped="0">
  <testcase classname="com.lambda.test.LambdaTest_3" name="FormFilling" time="29.245"/>
  <system-out/>
  <testcase classname="com.lambda.test.LambdaTest_3" name="FormFilling" time="25.357"/>
  <system-out/>
  <testcase classname="com.lambda.test.LambdaTest_3" name="FormFilling" time="26.108"/>
  <system-out/>
  <testcase classname="com.lambda.test.LambdaTest_3" name="FormFilling" time="26.476"/>
  <system-out/>
</testsuite> <!-- com.lambda.test.LambdaTest_3 -->
