<?xml version="1.0" encoding="UTF-8"?>
<!-- Generated by org.testng.reporters.JUnitReportReporter -->
<testsuite hostname="DESKTOP-FI8UJG3" failures="0" tests="8" name="com.lambda.test.LambdaTest_2" time="859.014" errors="0" timestamp="2022-10-05T00:48:06 IST" skipped="0">
  <testcase classname="com.lambda.test.LambdaTest_2" name="HandlingSliderBar" time="66.120"/>
  <system-out>
    <![CDATA[Open LambdaTest’s Selenium Playground from
Step 1:Open LambdaTests Selenium Playground form
<---Lambda Test Second Scenario Handling Slider Bar Started ---->
Step 1: click Drag and Drop Sliders under Progress Bars and Sliders.
Step 3: Select the slider Default value 15.
Step 4: drag the bar to make it 95
Step 5: validating whether the range value shows 95.
Lambda Test Second Scenario Ended]]>
  </system-out>
  <testcase classname="com.lambda.test.LambdaTest_2" name="HandlingSliderBar" time="70.351"/>
  <system-out>
    <![CDATA[Open LambdaTest’s Selenium Playground from
Step 1:Open LambdaTests Selenium Playground form
<---Lambda Test Second Scenario Handling Slider Bar Started ---->
Step 1: click Drag and Drop Sliders under Progress Bars and Sliders.
Step 3: Select the slider Default value 15.
Step 4: drag the bar to make it 95
Step 5: validating whether the range value shows 95.
Lambda Test Second Scenario Ended]]>
  </system-out>
  <testcase classname="com.lambda.test.LambdaTest_2" name="HandlingSliderBar" time="56.317"/>
  <system-out>
    <![CDATA[Open LambdaTest’s Selenium Playground from
Step 1:Open LambdaTests Selenium Playground form
<---Lambda Test Second Scenario Handling Slider Bar Started ---->
Step 1: click Drag and Drop Sliders under Progress Bars and Sliders.
Step 3: Select the slider Default value 15.
Step 4: drag the bar to make it 95
Step 5: validating whether the range value shows 95.
Lambda Test Second Scenario Ended]]>
  </system-out>
  <testcase classname="com.lambda.test.LambdaTest_2" name="HandlingSliderBar" time="209.284"/>
  <system-out>
    <![CDATA[Open LambdaTest’s Selenium Playground from
Step 1:Open LambdaTests Selenium Playground form
<---Lambda Test Second Scenario Handling Slider Bar Started ---->
Step 1: click Drag and Drop Sliders under Progress Bars and Sliders.
Step 3: Select the slider Default value 15.
Step 4: drag the bar to make it 95
Step 5: validating whether the range value shows 95.
Lambda Test Second Scenario Ended]]>
  </system-out>
  <testcase classname="com.lambda.test.LambdaTest_2" name="HandlingSliderBar" time="163.024"/>
  <system-out>
    <![CDATA[Open LambdaTest’s Selenium Playground from
Step 1:Open LambdaTests Selenium Playground form
<---Lambda Test Second Scenario Handling Slider Bar Started ---->
Step 1: click Drag and Drop Sliders under Progress Bars and Sliders.
Step 3: Select the slider Default value 15.
Step 4: drag the bar to make it 95
Step 5: validating whether the range value shows 95.
Lambda Test Second Scenario Ended]]>
  </system-out>
  <testcase classname="com.lambda.test.LambdaTest_2" name="HandlingSliderBar" time="161.326"/>
  <system-out>
    <![CDATA[Open LambdaTest’s Selenium Playground from
Step 1:Open LambdaTests Selenium Playground form
<---Lambda Test Second Scenario Handling Slider Bar Started ---->
Step 1: click Drag and Drop Sliders under Progress Bars and Sliders.
Step 3: Select the slider Default value 15.
Step 4: drag the bar to make it 95
Step 5: validating whether the range value shows 95.
Lambda Test Second Scenario Ended]]>
  </system-out>
  <testcase classname="com.lambda.test.LambdaTest_2" name="HandlingSliderBar" time="52.082"/>
  <system-out>
    <![CDATA[Open LambdaTest’s Selenium Playground from
Step 1:Open LambdaTests Selenium Playground form
<---Lambda Test Second Scenario Handling Slider Bar Started ---->
Step 1: click Drag and Drop Sliders under Progress Bars and Sliders.
Step 3: Select the slider Default value 15.
Step 4: drag the bar to make it 95
Step 5: validating whether the range value shows 95.
Lambda Test Second Scenario Ended]]>
  </system-out>
  <testcase classname="com.lambda.test.LambdaTest_2" name="HandlingSliderBar" time="80.510"/>
  <system-out>
    <![CDATA[Open LambdaTest’s Selenium Playground from
Step 1:Open LambdaTests Selenium Playground form
<---Lambda Test Second Scenario Handling Slider Bar Started ---->
Step 1: click Drag and Drop Sliders under Progress Bars and Sliders.
Step 3: Select the slider Default value 15.
Step 4: drag the bar to make it 95
Step 5: validating whether the range value shows 95.
Lambda Test Second Scenario Ended]]>
  </system-out>
</testsuite> <!-- com.lambda.test.LambdaTest_2 -->
