<?xml version="1.0" encoding="UTF-8"?>
<!-- Generated by org.testng.reporters.JUnitReportReporter -->
<testsuite hostname="DESKTOP-FI8UJG3" failures="0" tests="8" name="com.lambda.test.LambdaTest_2" time="699.232" errors="0" timestamp="2022-10-04T19:21:01 IST" skipped="0">
  <testcase classname="com.lambda.test.LambdaTest_2" name="HandlingSliderBar" time="189.215"/>
  <system-out/>
  <testcase classname="com.lambda.test.LambdaTest_2" name="HandlingSliderBar" time="122.481"/>
  <system-out/>
  <testcase classname="com.lambda.test.LambdaTest_2" name="HandlingSliderBar" time="55.135"/>
  <system-out/>
  <testcase classname="com.lambda.test.LambdaTest_2" name="HandlingSliderBar" time="61.250"/>
  <system-out/>
  <testcase classname="com.lambda.test.LambdaTest_2" name="HandlingSliderBar" time="89.024"/>
  <system-out/>
  <testcase classname="com.lambda.test.LambdaTest_2" name="HandlingSliderBar" time="67.126"/>
  <system-out/>
  <testcase classname="com.lambda.test.LambdaTest_2" name="HandlingSliderBar" time="60.282"/>
  <system-out/>
  <testcase classname="com.lambda.test.LambdaTest_2" name="HandlingSliderBar" time="54.719"/>
  <system-out/>
</testsuite> <!-- com.lambda.test.LambdaTest_2 -->
