<?xml version="1.0" encoding="UTF-8"?>
<!-- Generated by org.testng.reporters.JUnitReportReporter -->
<testsuite hostname="DESKTOP-FI8UJG3" failures="0" tests="8" name="com.lambda.test.LambdaTest_1" time="448.643" errors="0" timestamp="2022-10-04T19:21:01 IST" skipped="0">
  <testcase classname="com.lambda.test.LambdaTest_1" name="EnterAndValidateMessage" time="23.958"/>
  <system-out/>
  <testcase classname="com.lambda.test.LambdaTest_1" name="EnterAndValidateMessage" time="43.144"/>
  <system-out/>
  <testcase classname="com.lambda.test.LambdaTest_1" name="EnterAndValidateMessage" time="21.541"/>
  <system-out/>
  <testcase classname="com.lambda.test.LambdaTest_1" name="EnterAndValidateMessage" time="22.779"/>
  <system-out/>
  <testcase classname="com.lambda.test.LambdaTest_1" name="EnterAndValidateMessage" time="132.296"/>
  <system-out/>
  <testcase classname="com.lambda.test.LambdaTest_1" name="EnterAndValidateMessage" time="155.586"/>
  <system-out/>
  <testcase classname="com.lambda.test.LambdaTest_1" name="EnterAndValidateMessage" time="30.660"/>
  <system-out/>
  <testcase classname="com.lambda.test.LambdaTest_1" name="EnterAndValidateMessage" time="18.679"/>
  <system-out/>
</testsuite> <!-- com.lambda.test.LambdaTest_1 -->
