<?xml version="1.0" encoding="UTF-8"?>
<!-- Generated by org.testng.reporters.JUnitReportReporter -->
<testsuite hostname="DESKTOP-FI8UJG3" failures="0" tests="8" name="com.lambda.test.LambdaTest_3" time="291.205" errors="0" timestamp="2022-10-04T19:21:01 IST" skipped="0">
  <testcase classname="com.lambda.test.LambdaTest_3" name="FormFilling" time="42.652"/>
  <system-out/>
  <testcase classname="com.lambda.test.LambdaTest_3" name="FormFilling" time="23.593"/>
  <system-out/>
  <testcase classname="com.lambda.test.LambdaTest_3" name="FormFilling" time="39.693"/>
  <system-out/>
  <testcase classname="com.lambda.test.LambdaTest_3" name="FormFilling" time="30.567"/>
  <system-out/>
  <testcase classname="com.lambda.test.LambdaTest_3" name="FormFilling" time="54.991"/>
  <system-out/>
  <testcase classname="com.lambda.test.LambdaTest_3" name="FormFilling" time="42.128"/>
  <system-out/>
  <testcase classname="com.lambda.test.LambdaTest_3" name="FormFilling" time="28.479"/>
  <system-out/>
  <testcase classname="com.lambda.test.LambdaTest_3" name="FormFilling" time="29.102"/>
  <system-out/>
</testsuite> <!-- com.lambda.test.LambdaTest_3 -->
