<?xml version="1.0" encoding="UTF-8"?>
<!-- Generated by org.testng.reporters.JUnitReportReporter -->
<testsuite hostname="DESKTOP-FI8UJG3" failures="0" tests="8" name="com.lambda.test.LambdaTest_1" time="268.890" errors="0" timestamp="2022-10-05T00:48:06 IST" skipped="0">
  <testcase classname="com.lambda.test.LambdaTest_1" name="EnterAndValidateMessage" time="21.191"/>
  <system-out>
    <![CDATA[Open LambdaTest’s Selenium Playground from
<-----Lambda Test First Scenario Enter message and Validate it Started----->
Click Simple Form Demo under Input Forms
Validate that the URL contains simple-form-demo
Create a variable for a string value
Use this variable to enter values in the Enter Message text box.
Click Get Checked Value
Validate whether the same text message is displayed in the right-hand panel under the Your Message section
<------Lambda Test First Scenario Ended----->]]>
  </system-out>
  <testcase classname="com.lambda.test.LambdaTest_1" name="EnterAndValidateMessage" time="25.894"/>
  <system-out>
    <![CDATA[Open LambdaTest’s Selenium Playground from
<-----Lambda Test First Scenario Enter message and Validate it Started----->
Click Simple Form Demo under Input Forms
Validate that the URL contains simple-form-demo
Create a variable for a string value
Use this variable to enter values in the Enter Message text box.
Click Get Checked Value
Validate whether the same text message is displayed in the right-hand panel under the Your Message section
<------Lambda Test First Scenario Ended----->]]>
  </system-out>
  <testcase classname="com.lambda.test.LambdaTest_1" name="EnterAndValidateMessage" time="42.036"/>
  <system-out>
    <![CDATA[Open LambdaTest’s Selenium Playground from
<-----Lambda Test First Scenario Enter message and Validate it Started----->
Click Simple Form Demo under Input Forms
Validate that the URL contains simple-form-demo
Create a variable for a string value
Use this variable to enter values in the Enter Message text box.
Click Get Checked Value
Validate whether the same text message is displayed in the right-hand panel under the Your Message section
<------Lambda Test First Scenario Ended----->]]>
  </system-out>
  <testcase classname="com.lambda.test.LambdaTest_1" name="EnterAndValidateMessage" time="69.362"/>
  <system-out>
    <![CDATA[Open LambdaTest’s Selenium Playground from
<-----Lambda Test First Scenario Enter message and Validate it Started----->
Click Simple Form Demo under Input Forms
Validate that the URL contains simple-form-demo
Create a variable for a string value
Use this variable to enter values in the Enter Message text box.
Click Get Checked Value
Validate whether the same text message is displayed in the right-hand panel under the Your Message section
<------Lambda Test First Scenario Ended----->]]>
  </system-out>
  <testcase classname="com.lambda.test.LambdaTest_1" name="EnterAndValidateMessage" time="46.694"/>
  <system-out>
    <![CDATA[Open LambdaTest’s Selenium Playground from
<-----Lambda Test First Scenario Enter message and Validate it Started----->
Click Simple Form Demo under Input Forms
Validate that the URL contains simple-form-demo
Create a variable for a string value
Use this variable to enter values in the Enter Message text box.
Click Get Checked Value
Validate whether the same text message is displayed in the right-hand panel under the Your Message section
<------Lambda Test First Scenario Ended----->]]>
  </system-out>
  <testcase classname="com.lambda.test.LambdaTest_1" name="EnterAndValidateMessage" time="16.911"/>
  <system-out>
    <![CDATA[Open LambdaTest’s Selenium Playground from
<-----Lambda Test First Scenario Enter message and Validate it Started----->
Click Simple Form Demo under Input Forms
Validate that the URL contains simple-form-demo
Create a variable for a string value
Use this variable to enter values in the Enter Message text box.
Click Get Checked Value
Validate whether the same text message is displayed in the right-hand panel under the Your Message section
<------Lambda Test First Scenario Ended----->]]>
  </system-out>
  <testcase classname="com.lambda.test.LambdaTest_1" name="EnterAndValidateMessage" time="21.198"/>
  <system-out>
    <![CDATA[Open LambdaTest’s Selenium Playground from
<-----Lambda Test First Scenario Enter message and Validate it Started----->
Click Simple Form Demo under Input Forms
Validate that the URL contains simple-form-demo
Create a variable for a string value
Use this variable to enter values in the Enter Message text box.
Click Get Checked Value
Validate whether the same text message is displayed in the right-hand panel under the Your Message section
<------Lambda Test First Scenario Ended----->]]>
  </system-out>
  <testcase classname="com.lambda.test.LambdaTest_1" name="EnterAndValidateMessage" time="25.604"/>
  <system-out>
    <![CDATA[Open LambdaTest’s Selenium Playground from
<-----Lambda Test First Scenario Enter message and Validate it Started----->
Click Simple Form Demo under Input Forms
Validate that the URL contains simple-form-demo
Create a variable for a string value
Use this variable to enter values in the Enter Message text box.
Click Get Checked Value
Validate whether the same text message is displayed in the right-hand panel under the Your Message section
<------Lambda Test First Scenario Ended----->]]>
  </system-out>
</testsuite> <!-- com.lambda.test.LambdaTest_1 -->
