<?xml version="1.0" encoding="UTF-8"?>
<!-- Generated by org.testng.reporters.JUnitReportReporter -->
<testsuite hostname="DESKTOP-FI8UJG3" failures="0" tests="4" name="com.lambda.test.LambdaTest_3" time="147.324" errors="0" timestamp="2022-10-04T21:21:48 IST" skipped="0">
  <testcase classname="com.lambda.test.LambdaTest_3" name="FormFilling" time="36.726"/>
  <system-out>
    <![CDATA[Step 1:Open LambdaTest’s Selenium Playground from
<-----Third Scenario Form filling started---->
Step 2 : click on Input Form Submit link under Input Forms.
Step 3: Click on Submit without filling in any information in the form.
Step 4: Assert Please fill in the fields error message.
Step 5 : Fill in Name, Email, and other fields. locators of all form fields
Step 6: click Submit Button after fill the form
STep 7: validate the success message on screen ---> Thanks for contacting us, will get back to you shortly.
Lambda Test Form filling and Submission Ended]]>
  </system-out>
  <testcase classname="com.lambda.test.LambdaTest_3" name="FormFilling" time="32.885"/>
  <system-out>
    <![CDATA[Step 1:Open LambdaTest’s Selenium Playground from
<-----Third Scenario Form filling started---->
Step 2 : click on Input Form Submit link under Input Forms.
Step 3: Click on Submit without filling in any information in the form.
Step 4: Assert Please fill in the fields error message.
Step 5 : Fill in Name, Email, and other fields. locators of all form fields
Step 6: click Submit Button after fill the form
STep 7: validate the success message on screen ---> Thanks for contacting us, will get back to you shortly.
Lambda Test Form filling and Submission Ended]]>
  </system-out>
  <testcase classname="com.lambda.test.LambdaTest_3" name="FormFilling" time="44.668"/>
  <system-out>
    <![CDATA[Step 1:Open LambdaTest’s Selenium Playground from
<-----Third Scenario Form filling started---->
Step 2 : click on Input Form Submit link under Input Forms.
Step 3: Click on Submit without filling in any information in the form.
Step 4: Assert Please fill in the fields error message.
Step 5 : Fill in Name, Email, and other fields. locators of all form fields
Step 6: click Submit Button after fill the form
STep 7: validate the success message on screen ---> Thanks for contacting us, will get back to you shortly.
Lambda Test Form filling and Submission Ended]]>
  </system-out>
  <testcase classname="com.lambda.test.LambdaTest_3" name="FormFilling" time="33.045"/>
  <system-out>
    <![CDATA[Step 1:Open LambdaTest’s Selenium Playground from
<-----Third Scenario Form filling started---->
Step 2 : click on Input Form Submit link under Input Forms.
Step 3: Click on Submit without filling in any information in the form.
Step 4: Assert Please fill in the fields error message.
Step 5 : Fill in Name, Email, and other fields. locators of all form fields
Step 6: click Submit Button after fill the form
STep 7: validate the success message on screen ---> Thanks for contacting us, will get back to you shortly.
Lambda Test Form filling and Submission Ended]]>
  </system-out>
</testsuite> <!-- com.lambda.test.LambdaTest_3 -->
