<?xml version="1.0" encoding="UTF-8"?>
<!-- Generated by org.testng.reporters.JUnitReportReporter -->
<testsuite hostname="DESKTOP-FI8UJG3" failures="0" tests="4" name="com.lambda.test.LambdaTest_1" time="234.789" errors="0" timestamp="2022-10-04T21:21:48 IST" skipped="0">
  <testcase classname="com.lambda.test.LambdaTest_1" name="EnterAndValidateMessage" time="59.060"/>
  <system-out>
    <![CDATA[Open LambdaTest’s Selenium Playground from
<-----Lambda Test First Scenario Enter message and Validate it Started----->
Click Simple Form Demo under Input Forms
Validate that the URL contains simple-form-demo
Create a variable for a string value
Use this variable to enter values in the Enter Message text box.
Click Get Checked Value
Validate whether the same text message is displayed in the right-hand panel under the Your Message section
<------Lambda Test First Scenario Ended----->]]>
  </system-out>
  <testcase classname="com.lambda.test.LambdaTest_1" name="EnterAndValidateMessage" time="130.486"/>
  <system-out>
    <![CDATA[Open LambdaTest’s Selenium Playground from
<-----Lambda Test First Scenario Enter message and Validate it Started----->
Click Simple Form Demo under Input Forms
Validate that the URL contains simple-form-demo
Create a variable for a string value
Use this variable to enter values in the Enter Message text box.
Click Get Checked Value
Validate whether the same text message is displayed in the right-hand panel under the Your Message section
<------Lambda Test First Scenario Ended----->]]>
  </system-out>
  <testcase classname="com.lambda.test.LambdaTest_1" name="EnterAndValidateMessage" time="22.620"/>
  <system-out>
    <![CDATA[Open LambdaTest’s Selenium Playground from
<-----Lambda Test First Scenario Enter message and Validate it Started----->
Click Simple Form Demo under Input Forms
Validate that the URL contains simple-form-demo
Create a variable for a string value
Use this variable to enter values in the Enter Message text box.
Click Get Checked Value
Validate whether the same text message is displayed in the right-hand panel under the Your Message section
<------Lambda Test First Scenario Ended----->]]>
  </system-out>
  <testcase classname="com.lambda.test.LambdaTest_1" name="EnterAndValidateMessage" time="22.623"/>
  <system-out>
    <![CDATA[Open LambdaTest’s Selenium Playground from
<-----Lambda Test First Scenario Enter message and Validate it Started----->
Click Simple Form Demo under Input Forms
Validate that the URL contains simple-form-demo
Create a variable for a string value
Use this variable to enter values in the Enter Message text box.
Click Get Checked Value
Validate whether the same text message is displayed in the right-hand panel under the Your Message section
<------Lambda Test First Scenario Ended----->]]>
  </system-out>
</testsuite> <!-- com.lambda.test.LambdaTest_1 -->
