<?xml version="1.0" encoding="UTF-8"?>
<!-- Generated by org.testng.reporters.JUnitReportReporter -->
<testsuite hostname="DESKTOP-FI8UJG3" failures="0" tests="8" name="com.lambda.test.LambdaTest_3" time="332.430" errors="0" timestamp="2022-10-04T23:38:06 IST" skipped="0">
  <testcase classname="com.lambda.test.LambdaTest_3" name="FormFilling" time="31.037"/>
  <system-out>
    <![CDATA[Step 1:Open LambdaTest’s Selenium Playground from
<-----Third Scenario Form filling started---->
Step 2 : click on Input Form Submit link under Input Forms.
Step 3: Click on Submit without filling in any information in the form.
Step 4: Assert Please fill in the fields error message.
Step 5 : Fill in Name, Email, and other fields. locators of all form fields
Step 6: click Submit Button after fill the form
STep 7: validate the success message on screen ---> Thanks for contacting us, will get back to you shortly.
Lambda Test Form filling and Submission Ended]]>
  </system-out>
  <testcase classname="com.lambda.test.LambdaTest_3" name="FormFilling" time="25.116"/>
  <system-out>
    <![CDATA[Step 1:Open LambdaTest’s Selenium Playground from
<-----Third Scenario Form filling started---->
Step 2 : click on Input Form Submit link under Input Forms.
Step 3: Click on Submit without filling in any information in the form.
Step 4: Assert Please fill in the fields error message.
Step 5 : Fill in Name, Email, and other fields. locators of all form fields
Step 6: click Submit Button after fill the form
STep 7: validate the success message on screen ---> Thanks for contacting us, will get back to you shortly.
Lambda Test Form filling and Submission Ended]]>
  </system-out>
  <testcase classname="com.lambda.test.LambdaTest_3" name="FormFilling" time="37.313"/>
  <system-out>
    <![CDATA[Step 1:Open LambdaTest’s Selenium Playground from
<-----Third Scenario Form filling started---->
Step 2 : click on Input Form Submit link under Input Forms.
Step 3: Click on Submit without filling in any information in the form.
Step 4: Assert Please fill in the fields error message.
Step 5 : Fill in Name, Email, and other fields. locators of all form fields
Step 6: click Submit Button after fill the form
STep 7: validate the success message on screen ---> Thanks for contacting us, will get back to you shortly.
Lambda Test Form filling and Submission Ended]]>
  </system-out>
  <testcase classname="com.lambda.test.LambdaTest_3" name="FormFilling" time="27.875"/>
  <system-out>
    <![CDATA[Step 1:Open LambdaTest’s Selenium Playground from
<-----Third Scenario Form filling started---->
Step 2 : click on Input Form Submit link under Input Forms.
Step 3: Click on Submit without filling in any information in the form.
Step 4: Assert Please fill in the fields error message.
Step 5 : Fill in Name, Email, and other fields. locators of all form fields
Step 6: click Submit Button after fill the form
STep 7: validate the success message on screen ---> Thanks for contacting us, will get back to you shortly.
Lambda Test Form filling and Submission Ended]]>
  </system-out>
  <testcase classname="com.lambda.test.LambdaTest_3" name="FormFilling" time="49.843"/>
  <system-out>
    <![CDATA[Step 1:Open LambdaTest’s Selenium Playground from
<-----Third Scenario Form filling started---->
Step 2 : click on Input Form Submit link under Input Forms.
Step 3: Click on Submit without filling in any information in the form.
Step 4: Assert Please fill in the fields error message.
Step 5 : Fill in Name, Email, and other fields. locators of all form fields
Step 6: click Submit Button after fill the form
STep 7: validate the success message on screen ---> Thanks for contacting us, will get back to you shortly.
Lambda Test Form filling and Submission Ended]]>
  </system-out>
  <testcase classname="com.lambda.test.LambdaTest_3" name="FormFilling" time="54.099"/>
  <system-out>
    <![CDATA[Step 1:Open LambdaTest’s Selenium Playground from
<-----Third Scenario Form filling started---->
Step 2 : click on Input Form Submit link under Input Forms.
Step 3: Click on Submit without filling in any information in the form.
Step 4: Assert Please fill in the fields error message.
Step 5 : Fill in Name, Email, and other fields. locators of all form fields
Step 6: click Submit Button after fill the form
STep 7: validate the success message on screen ---> Thanks for contacting us, will get back to you shortly.
Lambda Test Form filling and Submission Ended]]>
  </system-out>
  <testcase classname="com.lambda.test.LambdaTest_3" name="FormFilling" time="75.782"/>
  <system-out>
    <![CDATA[Step 1:Open LambdaTest’s Selenium Playground from
<-----Third Scenario Form filling started---->
Step 2 : click on Input Form Submit link under Input Forms.
Step 3: Click on Submit without filling in any information in the form.
Step 4: Assert Please fill in the fields error message.
Step 5 : Fill in Name, Email, and other fields. locators of all form fields
Step 6: click Submit Button after fill the form
STep 7: validate the success message on screen ---> Thanks for contacting us, will get back to you shortly.
Lambda Test Form filling and Submission Ended]]>
  </system-out>
  <testcase classname="com.lambda.test.LambdaTest_3" name="FormFilling" time="31.365"/>
  <system-out>
    <![CDATA[Step 1:Open LambdaTest’s Selenium Playground from
<-----Third Scenario Form filling started---->
Step 2 : click on Input Form Submit link under Input Forms.
Step 3: Click on Submit without filling in any information in the form.
Step 4: Assert Please fill in the fields error message.
Step 5 : Fill in Name, Email, and other fields. locators of all form fields
Step 6: click Submit Button after fill the form
STep 7: validate the success message on screen ---> Thanks for contacting us, will get back to you shortly.
Lambda Test Form filling and Submission Ended]]>
  </system-out>
</testsuite> <!-- com.lambda.test.LambdaTest_3 -->
